2025-08-10 19:40:51,119 [INFO] Activator:176 - 


2025-08-10 19:40:51,122 [INFO] Activator:177 - !SESSION log4j initialized
2025-08-10 19:40:55,097 [INFO] LogOutputStream:77 - [STDOUT_REDIRECT] 
2025-08-10 19:40:58,393 [INFO] ApplicationProperties:184 - Using Application install path: C:\ST\STM32CubeIDE_1.16.0\STM32CubeIDE\plugins\com.st.stm32cube.common.mx_6.12.0.202406281431
2025-08-10 19:40:58,422 [INFO] DbMcusXml:78 - Set database path to: C:\ST\STM32CubeIDE_1.16.0\STM32CubeIDE\plugins\com.st.stm32cube.common.mx_6.12.0.202406281431\\db\/mcu/
2025-08-10 19:40:58,423 [INFO] ApiDb:274 - Set plugin database path to: C:\ST\STM32CubeIDE_1.16.0\STM32CubeIDE\plugins\com.st.stm32cube.common.mx_6.12.0.202406281431\\db\/plugins/boardmanager/
2025-08-10 19:40:58,454 [WARN] ApiDb:259 - Overriding images path with different value:  => C:\ST\STM32CubeIDE_1.16.0\STM32CubeIDE\plugins\com.st.stm32cube.common.mx_6.12.0.202406281431\\db\/plugins/mcufinder/images/
2025-08-10 19:40:58,466 [INFO] ApiDb:250 - Set database path to: C:\Users\kisho\.stmcufinder\plugins\mcufinder//mcu/
2025-08-10 19:40:58,468 [INFO] DbMcusAds:125 - Set database path to: C:\Users\kisho\.stmcufinder\plugins\mcufinder//mcu/
2025-08-10 19:40:58,471 [INFO] CrossReferenceDbSqlite:203 - Set database path to: C:\Users\kisho\.stmcufinder\plugins\mcufinder//mcu/cs/
2025-08-10 19:40:58,682 [INFO] RulesReader:64 - Compatibility file has been processed (297 Rules)
2025-08-10 19:40:58,863 [INFO] DbMcusXml:78 - Set database path to: C:\ST\STM32CubeIDE_1.16.0\STM32CubeIDE\plugins\com.st.stm32cube.common.mx_6.12.0.202406281431\\db\/mcu/
2025-08-10 19:40:58,863 [INFO] ApiDb:274 - Set plugin database path to: C:\ST\STM32CubeIDE_1.16.0\STM32CubeIDE\plugins\com.st.stm32cube.common.mx_6.12.0.202406281431\\db\/plugins/boardmanager/
2025-08-10 19:40:58,863 [INFO] ApiDb:261 - Set plugin images path to: C:\ST\STM32CubeIDE_1.16.0\STM32CubeIDE\plugins\com.st.stm32cube.common.mx_6.12.0.202406281431\\db\/plugins/mcufinder/images/
2025-08-10 19:40:58,864 [WARN] DbFile:41 - Overriding database path with different value: C:\Users\kisho\.stmcufinder\plugins\mcufinder/ => C:\Users\kisho\.stmcufinder\plugins\mcufinder
2025-08-10 19:40:58,864 [INFO] ApiDb:250 - Set database path to: C:\Users\kisho\.stmcufinder\plugins\mcufinder//mcu/
2025-08-10 19:40:58,864 [WARN] DbFile:41 - Overriding database path with different value: C:\Users\kisho\.stmcufinder\plugins\mcufinder/ => C:\Users\kisho\.stmcufinder\plugins\mcufinder
2025-08-10 19:40:58,865 [INFO] DbMcusAds:125 - Set database path to: C:\Users\kisho\.stmcufinder\plugins\mcufinder//mcu/
2025-08-10 19:40:58,865 [WARN] DbFile:41 - Overriding database path with different value: C:\Users\kisho\.stmcufinder\plugins\mcufinder/ => C:\Users\kisho\.stmcufinder\plugins\mcufinder
2025-08-10 19:40:58,865 [WARN] DbFile:41 - Overriding database path with different value: C:\Users\kisho\.stmcufinder\plugins\mcufinder/ => C:\Users\kisho\.stmcufinder\plugins\mcufinder
2025-08-10 19:40:58,865 [INFO] CrossReferenceDbSqlite:203 - Set database path to: C:\Users\kisho\.stmcufinder\plugins\mcufinder//mcu/cs/
2025-08-10 19:40:59,012 [INFO] MainPanel:268 - HeapMemory: 268435456
2025-08-10 19:40:59,153 [INFO] DbMcusXml:78 - Set database path to: C:\ST\STM32CubeIDE_1.16.0\STM32CubeIDE\plugins\com.st.stm32cube.common.mx_6.12.0.202406281431\\db\/mcu/
2025-08-10 19:40:59,153 [INFO] ApiDb:274 - Set plugin database path to: C:\ST\STM32CubeIDE_1.16.0\STM32CubeIDE\plugins\com.st.stm32cube.common.mx_6.12.0.202406281431\\db\/plugins/boardmanager/
2025-08-10 19:40:59,153 [INFO] ApiDb:261 - Set plugin images path to: C:\ST\STM32CubeIDE_1.16.0\STM32CubeIDE\plugins\com.st.stm32cube.common.mx_6.12.0.202406281431\\db\/plugins/mcufinder/images/
2025-08-10 19:40:59,154 [WARN] DbFile:41 - Overriding database path with different value: C:\Users\kisho\.stmcufinder\plugins\mcufinder/ => C:\Users\kisho\.stmcufinder\plugins\mcufinder
2025-08-10 19:40:59,154 [INFO] ApiDb:250 - Set database path to: C:\Users\kisho\.stmcufinder\plugins\mcufinder//mcu/
2025-08-10 19:40:59,154 [WARN] DbFile:41 - Overriding database path with different value: C:\Users\kisho\.stmcufinder\plugins\mcufinder/ => C:\Users\kisho\.stmcufinder\plugins\mcufinder
2025-08-10 19:40:59,155 [INFO] DbMcusAds:125 - Set database path to: C:\Users\kisho\.stmcufinder\plugins\mcufinder//mcu/
2025-08-10 19:40:59,155 [WARN] DbFile:41 - Overriding database path with different value: C:\Users\kisho\.stmcufinder\plugins\mcufinder/ => C:\Users\kisho\.stmcufinder\plugins\mcufinder
2025-08-10 19:40:59,155 [WARN] DbFile:41 - Overriding database path with different value: C:\Users\kisho\.stmcufinder\plugins\mcufinder/ => C:\Users\kisho\.stmcufinder\plugins\mcufinder
2025-08-10 19:40:59,155 [INFO] CrossReferenceDbSqlite:203 - Set database path to: C:\Users\kisho\.stmcufinder\plugins\mcufinder//mcu/cs/
2025-08-10 19:40:59,217 [INFO] ApplicationProperties:184 - Using Application install path: C:\ST\STM32CubeIDE_1.16.0\STM32CubeIDE\plugins\com.st.stm32cube.common.mx_6.12.0.202406281431
2025-08-10 19:40:59,219 [INFO] PluginManage:196 - Search for loadable plugins [exclusion list=, ]
2025-08-10 19:40:59,222 [INFO] PluginManage:310 - Check plugin analytics
2025-08-10 19:40:59,565 [INFO] AnalyticsPlugin:253 - Accepted Software Licenses: STM32CubeMX.6.12.0
2025-08-10 19:40:59,566 [INFO] AnalyticsPlugin:255 - Accepted CMSIS Pack Licenses: STMicroelectronics.X-CUBE-AI.10.1.0
2025-08-10 19:40:59,566 [INFO] AnalyticsPlugin:257 - Accepted Firmware Licenses: FW.F4.1.28.0
2025-08-10 19:40:59,571 [INFO] PluginManage:359 - Loaded plugin analytics (category:tool,tabindex:-1)
2025-08-10 19:40:59,572 [INFO] PluginManage:310 - Check plugin cadmodel
2025-08-10 19:40:59,579 [INFO] CADModel:105 - Init CAD model plugin
2025-08-10 19:40:59,580 [INFO] PluginManage:359 - Loaded plugin cadmodel (category:power,tabindex:5)
2025-08-10 19:40:59,580 [INFO] PluginManage:310 - Check plugin clock
2025-08-10 19:40:59,597 [INFO] PluginManage:359 - Loaded plugin clock (category:base,tabindex:2)
2025-08-10 19:40:59,597 [INFO] PluginManage:310 - Check plugin ddr
2025-08-10 19:40:59,600 [INFO] PluginManage:359 - Loaded plugin ddr (category:tool,tabindex:6)
2025-08-10 19:40:59,601 [INFO] PluginManage:310 - Check plugin filemanager
2025-08-10 19:40:59,885 [INFO] PluginManage:359 - Loaded plugin filemanager (category:base,tabindex:10)
2025-08-10 19:40:59,885 [INFO] PluginManage:310 - Check plugin ipmanager
2025-08-10 19:40:59,897 [INFO] PluginManage:359 - Loaded plugin ipmanager (category:base,tabindex:5)
2025-08-10 19:40:59,897 [INFO] PluginManage:310 - Check plugin lpbam
2025-08-10 19:40:59,910 [INFO] PluginManage:359 - Loaded plugin lpbam (category:base,tabindex:0)
2025-08-10 19:40:59,911 [INFO] PluginManage:310 - Check plugin memorymap
2025-08-10 19:40:59,953 [INFO] PluginManage:359 - Loaded plugin memorymap (category:base,tabindex:4)
2025-08-10 19:40:59,954 [INFO] PluginManage:310 - Check plugin pinoutandconfiguration
2025-08-10 19:40:59,967 [INFO] PluginManage:359 - Loaded plugin pinoutandconfiguration (category:base,tabindex:1)
2025-08-10 19:40:59,967 [INFO] PluginManage:310 - Check plugin pinoutconfig
2025-08-10 19:41:00,141 [WARN] SupportedApi:132 - Cannot load RTOS API schema: s4s-elt-must-match.1: The content of 'definitions' must match (annotation?, (simpleType | complexType)?, (unique | key | keyref)*)). A problem was found starting at: attribute.
2025-08-10 19:41:00,371 [INFO] PluginManage:359 - Loaded plugin pinoutconfig (category:base,tabindex:0)
2025-08-10 19:41:00,372 [INFO] PluginManage:310 - Check plugin power
2025-08-10 19:41:00,385 [INFO] PluginManage:359 - Loaded plugin power (category:power,tabindex:4)
2025-08-10 19:41:00,386 [INFO] PluginManage:310 - Check plugin projectmanager
2025-08-10 19:41:00,416 [INFO] PluginManage:359 - Loaded plugin projectmanager (category:projectmanager,tabindex:4)
2025-08-10 19:41:00,416 [INFO] PluginManage:310 - Check plugin rif
2025-08-10 19:41:00,425 [INFO] PluginManage:359 - Loaded plugin rif (category:base,tabindex:3)
2025-08-10 19:41:00,426 [INFO] PluginManage:310 - Check plugin thirdparty
2025-08-10 19:41:00,668 [INFO] PluginManage:359 - Loaded plugin thirdparty (category:base,tabindex:-1)
2025-08-10 19:41:00,668 [INFO] PluginManage:310 - Check plugin tools
2025-08-10 19:41:00,668 [WARN] IntegrityCheckThread:84 - waiting for thirdparty lock release [integrity check]
2025-08-10 19:41:00,670 [INFO] IntegrityCheckThread:86 - entering critical section [integrity check]
2025-08-10 19:41:00,670 [INFO] ThirdPartyUpdaterWithRetryManager:70 - Updater plugin not ready yet. [1/15]
2025-08-10 19:41:00,673 [INFO] PluginManage:359 - Loaded plugin tools (category:base,tabindex:7)
2025-08-10 19:41:00,674 [INFO] PluginManage:310 - Check plugin tutovideos
2025-08-10 19:41:00,955 [INFO] PluginManage:359 - Loaded plugin tutovideos (category:base,tabindex:-1)
2025-08-10 19:41:00,956 [INFO] PluginManage:310 - Check plugin updater
2025-08-10 19:41:00,982 [INFO] PluginManage:359 - Loaded plugin updater (category:base,tabindex:12)
2025-08-10 19:41:00,983 [INFO] PluginManage:310 - Check plugin userauth
2025-08-10 19:41:00,990 [INFO] UserAuth:113 - Init User Auth plugin
2025-08-10 19:41:00,990 [INFO] PluginManage:359 - Loaded plugin userauth (category:base,tabindex:14)
2025-08-10 19:41:00,991 [INFO] PluginManage:283 - PluginManage : Loaded plugins [18]
2025-08-10 19:41:01,314 [INFO] PinOutPanel:1561 - setPackage(No Configuration,No Configuration)
2025-08-10 19:41:01,457 [INFO] CADModel:165 - CPN selected for project level
2025-08-10 19:41:01,457 [INFO] CADModel:114 - Register for checkConnection events
2025-08-10 19:41:01,479 [INFO] IPUIPlugin:80 - create IPUIPlugin
2025-08-10 19:41:01,479 [INFO] PluginManager:220 - loadIPPluginJar : add adc
2025-08-10 19:41:01,482 [INFO] IPUIPlugin:80 - create IPUIPlugin
2025-08-10 19:41:01,484 [INFO] PluginManager:220 - loadIPPluginJar : add aes
2025-08-10 19:41:01,486 [INFO] IPUIPlugin:80 - create IPUIPlugin
2025-08-10 19:41:01,486 [INFO] PluginManager:220 - loadIPPluginJar : add can
2025-08-10 19:41:01,489 [INFO] IPUIPlugin:80 - create IPUIPlugin
2025-08-10 19:41:01,490 [INFO] PluginManager:220 - loadIPPluginJar : add comp
2025-08-10 19:41:01,493 [INFO] IPUIPlugin:80 - create IPUIPlugin
2025-08-10 19:41:01,493 [INFO] PluginManager:220 - loadIPPluginJar : add cryp
2025-08-10 19:41:01,497 [INFO] IPUIPlugin:80 - create IPUIPlugin
2025-08-10 19:41:01,497 [INFO] PluginManager:220 - loadIPPluginJar : add ddr_ctrl_phy
2025-08-10 19:41:01,500 [INFO] IPUIPlugin:80 - create IPUIPlugin
2025-08-10 19:41:01,500 [INFO] PluginManager:220 - loadIPPluginJar : add dfsdm
2025-08-10 19:41:01,508 [INFO] IPUIPlugin:80 - create IPUIPlugin
2025-08-10 19:41:01,509 [INFO] PluginManager:220 - loadIPPluginJar : add dma
2025-08-10 19:41:01,512 [INFO] IPUIPlugin:80 - create IPUIPlugin
2025-08-10 19:41:01,512 [INFO] PluginManager:220 - loadIPPluginJar : add dma3
2025-08-10 19:41:01,516 [INFO] IPUIPlugin:80 - create IPUIPlugin
2025-08-10 19:41:01,516 [INFO] PluginManager:220 - loadIPPluginJar : add extmemmanager
2025-08-10 19:41:01,518 [INFO] IPUIPlugin:80 - create IPUIPlugin
2025-08-10 19:41:01,518 [INFO] PluginManager:220 - loadIPPluginJar : add fatfs
2025-08-10 19:41:01,524 [INFO] IPUIPlugin:80 - create IPUIPlugin
2025-08-10 19:41:01,524 [INFO] PluginManager:220 - loadIPPluginJar : add fmc
2025-08-10 19:41:01,531 [INFO] IPUIPlugin:80 - create IPUIPlugin
2025-08-10 19:41:01,531 [INFO] PluginManager:220 - loadIPPluginJar : add freertos
2025-08-10 19:41:01,534 [INFO] IPUIPlugin:80 - create IPUIPlugin
2025-08-10 19:41:01,534 [INFO] PluginManager:220 - loadIPPluginJar : add genericplugin
2025-08-10 19:41:01,536 [INFO] IPUIPlugin:80 - create IPUIPlugin
2025-08-10 19:41:01,537 [INFO] PluginManager:220 - loadIPPluginJar : add gfxmmu
2025-08-10 19:41:01,543 [INFO] IPUIPlugin:80 - create IPUIPlugin
2025-08-10 19:41:01,543 [INFO] PluginManager:220 - loadIPPluginJar : add gic
2025-08-10 19:41:01,548 [INFO] IPUIPlugin:80 - create IPUIPlugin
2025-08-10 19:41:01,548 [INFO] PluginManager:220 - loadIPPluginJar : add gpio
2025-08-10 19:41:01,552 [INFO] IPUIPlugin:80 - create IPUIPlugin
2025-08-10 19:41:01,552 [INFO] PluginManager:220 - loadIPPluginJar : add gtzc
2025-08-10 19:41:01,556 [INFO] IPUIPlugin:80 - create IPUIPlugin
2025-08-10 19:41:01,556 [INFO] PluginManager:220 - loadIPPluginJar : add hash
2025-08-10 19:41:01,560 [INFO] IPUIPlugin:80 - create IPUIPlugin
2025-08-10 19:41:01,560 [INFO] PluginManager:220 - loadIPPluginJar : add i2c
2025-08-10 19:41:01,563 [INFO] IPUIPlugin:80 - create IPUIPlugin
2025-08-10 19:41:01,563 [INFO] PluginManager:220 - loadIPPluginJar : add i2s
2025-08-10 19:41:01,567 [INFO] IPUIPlugin:80 - create IPUIPlugin
2025-08-10 19:41:01,567 [INFO] PluginManager:220 - loadIPPluginJar : add i3c
2025-08-10 19:41:01,572 [INFO] IPUIPlugin:80 - create IPUIPlugin
2025-08-10 19:41:01,572 [INFO] PluginManager:220 - loadIPPluginJar : add ipddr
2025-08-10 19:41:01,581 [INFO] IPUIPlugin:80 - create IPUIPlugin
2025-08-10 19:41:01,581 [INFO] PluginManager:220 - loadIPPluginJar : add linkedlist
2025-08-10 19:41:01,586 [INFO] IPUIPlugin:80 - create IPUIPlugin
2025-08-10 19:41:01,586 [INFO] PluginManager:220 - loadIPPluginJar : add lorawan
2025-08-10 19:41:01,588 [INFO] IPUIPlugin:80 - create IPUIPlugin
2025-08-10 19:41:01,588 [INFO] PluginManager:220 - loadIPPluginJar : add ltdc
2025-08-10 19:41:01,595 [INFO] IPUIPlugin:80 - create IPUIPlugin
2025-08-10 19:41:01,596 [INFO] PluginManager:220 - loadIPPluginJar : add mdma
2025-08-10 19:41:01,601 [INFO] IPUIPlugin:80 - create IPUIPlugin
2025-08-10 19:41:01,601 [INFO] PluginManager:220 - loadIPPluginJar : add nvic
2025-08-10 19:41:01,605 [INFO] IPUIPlugin:80 - create IPUIPlugin
2025-08-10 19:41:01,606 [INFO] PluginManager:220 - loadIPPluginJar : add opamp
2025-08-10 19:41:01,610 [INFO] IPUIPlugin:80 - create IPUIPlugin
2025-08-10 19:41:01,610 [INFO] PluginManager:220 - loadIPPluginJar : add openamp
2025-08-10 19:41:01,614 [INFO] IPUIPlugin:80 - create IPUIPlugin
2025-08-10 19:41:01,614 [INFO] PluginManager:220 - loadIPPluginJar : add pdm2pcm
2025-08-10 19:41:01,623 [INFO] IPUIPlugin:80 - create IPUIPlugin
2025-08-10 19:41:01,626 [INFO] PluginManager:220 - loadIPPluginJar : add plateformsettings
2025-08-10 19:41:01,629 [INFO] IPUIPlugin:80 - create IPUIPlugin
2025-08-10 19:41:01,629 [INFO] PluginManager:220 - loadIPPluginJar : add quadspi
2025-08-10 19:41:01,632 [INFO] IPUIPlugin:80 - create IPUIPlugin
2025-08-10 19:41:01,633 [INFO] PluginManager:220 - loadIPPluginJar : add radio
2025-08-10 19:41:01,637 [INFO] IPUIPlugin:80 - create IPUIPlugin
2025-08-10 19:41:01,638 [INFO] PluginManager:220 - loadIPPluginJar : add resmgrutility
2025-08-10 19:41:01,642 [INFO] IPUIPlugin:80 - create IPUIPlugin
2025-08-10 19:41:01,642 [INFO] PluginManager:220 - loadIPPluginJar : add sai
2025-08-10 19:41:01,645 [INFO] IPUIPlugin:80 - create IPUIPlugin
2025-08-10 19:41:01,646 [INFO] PluginManager:220 - loadIPPluginJar : add spi
2025-08-10 19:41:01,654 [INFO] IPUIPlugin:80 - create IPUIPlugin
2025-08-10 19:41:01,654 [INFO] PluginManager:220 - loadIPPluginJar : add stm32_wpan
2025-08-10 19:41:01,656 [INFO] IPUIPlugin:80 - create IPUIPlugin
2025-08-10 19:41:01,656 [INFO] PluginManager:220 - loadIPPluginJar : add tim
2025-08-10 19:41:01,661 [INFO] IPUIPlugin:80 - create IPUIPlugin
2025-08-10 19:41:01,661 [INFO] PluginManager:220 - loadIPPluginJar : add touchsensing
2025-08-10 19:41:01,664 [INFO] IPUIPlugin:80 - create IPUIPlugin
2025-08-10 19:41:01,664 [INFO] PluginManager:220 - loadIPPluginJar : add tracer_emb
2025-08-10 19:41:01,667 [INFO] IPUIPlugin:80 - create IPUIPlugin
2025-08-10 19:41:01,667 [INFO] PluginManager:220 - loadIPPluginJar : add ts
2025-08-10 19:41:01,669 [INFO] IPUIPlugin:80 - create IPUIPlugin
2025-08-10 19:41:01,669 [INFO] PluginManager:220 - loadIPPluginJar : add tsc
2025-08-10 19:41:01,672 [INFO] IPUIPlugin:80 - create IPUIPlugin
2025-08-10 19:41:01,672 [INFO] PluginManager:220 - loadIPPluginJar : add ucpd
2025-08-10 19:41:01,677 [INFO] IPUIPlugin:80 - create IPUIPlugin
2025-08-10 19:41:01,677 [INFO] PluginManager:220 - loadIPPluginJar : add usart
2025-08-10 19:41:01,681 [INFO] IPUIPlugin:80 - create IPUIPlugin
2025-08-10 19:41:01,681 [INFO] PluginManager:220 - loadIPPluginJar : add usbx
2025-08-10 19:41:01,878 [INFO] CADModel:165 - CPN selected for project level
2025-08-10 19:41:01,879 [INFO] CADModel:114 - Register for checkConnection events
2025-08-10 19:41:01,879 [FATAL] Updater:334 - Updater called before beeing initialized
2025-08-10 19:41:01,879 [ERROR] CADModel:125 - Updater not yet initialized, retry later 
2025-08-10 19:41:02,094 [INFO] CADModel:165 - CPN selected for project level
2025-08-10 19:41:02,094 [INFO] CADModel:114 - Register for checkConnection events
2025-08-10 19:41:02,094 [FATAL] Updater:334 - Updater called before beeing initialized
2025-08-10 19:41:02,094 [ERROR] CADModel:125 - Updater not yet initialized, retry later 
2025-08-10 19:41:02,099 [FATAL] Updater:334 - Updater called before beeing initialized
2025-08-10 19:41:02,267 [FATAL] Updater:334 - Updater called before beeing initialized
2025-08-10 19:41:02,273 [INFO] DbMcusAds:53 - JSON generation date=Thu Jun 19 14:02:37 IST 2025 (1750321957418)
2025-08-10 19:41:02,273 [FATAL] Updater:334 - Updater called before beeing initialized
2025-08-10 19:41:02,331 [WARN] DetailPanel:346 - Failed to get advertising image, set to default
2025-08-10 19:41:02,516 [FATAL] Updater:334 - Updater called before beeing initialized
2025-08-10 19:41:02,518 [FATAL] Updater:334 - Updater called before beeing initialized
2025-08-10 19:41:02,519 [FATAL] Updater:334 - Updater called before beeing initialized
2025-08-10 19:41:02,519 [WARN] DetailPanel:346 - Failed to get advertising image, set to default
2025-08-10 19:41:02,520 [FATAL] Updater:334 - Updater called before beeing initialized
2025-08-10 19:41:02,633 [ERROR] Updater:1164 - MainUpdater not yet initialized. External WinMGr cannot be set.
2025-08-10 19:41:02,638 [INFO] Updater:1100 - Updater Version found : 6.12.0
2025-08-10 19:41:02,676 [INFO] ApplicationProperties:184 - Using Application install path: C:\ST\STM32CubeIDE_1.16.0\STM32CubeIDE\plugins\com.st.stm32cube.common.mx_6.12.0.202406281431
2025-08-10 19:41:03,201 [INFO] MainUpdater:2873 - connection check result : 10
2025-08-10 19:41:03,203 [INFO] MainUpdater:290 - Updater Check For Update Now.
2025-08-10 19:41:03,203 [INFO] MicroXplorer:498 - Change Database Version : DB.6.0.120
2025-08-10 19:41:03,214 [INFO] McuFinderGlobals:63 - Set McuFinder mode to 2 (CubeIDE integrated)
2025-08-10 19:41:03,215 [INFO] UserAuth:179 - activating auth plugin
2025-08-10 19:41:03,219 [INFO] UserAuth:417 - Internet connection configuration mode: 1
2025-08-10 19:41:03,249 [INFO] JxBrowserEngine:152 - Initiate JxBrowser Engine with user profile folder
2025-08-10 19:41:03,491 [INFO] CheckServerUpdateThread:120 - End of CheckServer Thread
2025-08-10 19:41:04,314 [WARN] PackLoader:240 - Cannot read IP mode file for STMicroelectronics.FP-SNS-MOTENVWB1.1.4.0
2025-08-10 19:41:04,334 [WARN] PackLoader:240 - Cannot read IP mode file for STMicroelectronics.FP-ATR-ASTRA1.2.0.2
2025-08-10 19:41:04,343 [WARN] PackLoader:240 - Cannot read IP mode file for STMicroelectronics.FP-ATR-ASTRA1.2.0.1
2025-08-10 19:41:04,366 [WARN] PackLoader:240 - Cannot read IP mode file for STMicroelectronics.X-CUBE-SMBUS.2.1.0
2025-08-10 19:41:04,389 [WARN] PackLoader:240 - Cannot read IP mode file for STMicroelectronics.X-CUBE-WB05N.1.1.0
2025-08-10 19:41:04,399 [ERROR] Engine:466 - C:\Users\kisho\.stm32cubemx\thirdparties\pdsc\STMicroelectronics.X-CUBE-ST60.1.0.0.pdsc: PDSC version is not supported
2025-08-10 19:41:04,468 [WARN] PackLoader:240 - Cannot read IP mode file for STMicroelectronics.X-CUBE-AZRTOS-F7.1.1.0
2025-08-10 19:41:04,489 [WARN] PackLoader:240 - Cannot read IP mode file for STMicroelectronics.FP-SNS-FLIGHT1.5.0.2
2025-08-10 19:41:04,560 [WARN] PackLoader:240 - Cannot read IP mode file for Infineon.AIROC-Wi-Fi-Bluetooth-STM32.1.7.0
2025-08-10 19:41:04,633 [WARN] PackLoader:240 - Cannot read IP mode file for STMicroelectronics.X-CUBE-AZRTOS-H7.3.4.0
2025-08-10 19:41:04,654 [INFO] WebApp:167 - Instantiating new browser for Auth
2025-08-10 19:41:04,659 [WARN] PackLoader:240 - Cannot read IP mode file for STMicroelectronics.X-CUBE-DISPLAY.3.0.0
2025-08-10 19:41:04,678 [WARN] PackLoader:240 - Cannot read IP mode file for STMicroelectronics.X-CUBE-BLE1.7.0.0
2025-08-10 19:41:04,704 [WARN] PackLoader:240 - Cannot read IP mode file for STMicroelectronics.X-CUBE-NFC10.1.0.0
2025-08-10 19:41:04,746 [WARN] PackLoader:240 - Cannot read IP mode file for STMicroelectronics.X-CUBE-BLEMGR.4.0.0
2025-08-10 19:41:04,782 [WARN] PackLoader:240 - Cannot read IP mode file for emotas.I-CUBE-CANOPEN.1.3.0
2025-08-10 19:41:04,794 [WARN] ConditionMgr:438 - getConditionDescription Invalid condition id : Cortex-A Device cause : null
2025-08-10 19:41:04,820 [WARN] ConditionMgr:1039 - genDependencies : Invalid condition id : Cortex-A Device cause : null
2025-08-10 19:41:04,820 [WARN] ConditionMgr:1039 - genDependencies : Invalid condition id : Cortex-A Device cause : null
2025-08-10 19:41:04,820 [WARN] ConditionMgr:1039 - genDependencies : Invalid condition id : Cortex-A Device cause : null
2025-08-10 19:41:04,840 [WARN] PackLoader:240 - Cannot read IP mode file for STMicroelectronics.X-CUBE-BLEMGR.3.1.0
2025-08-10 19:41:04,860 [WARN] PackLoader:240 - Cannot read IP mode file for STMicroelectronics.X-CUBE-AI.10.0.0
2025-08-10 19:41:04,869 [ERROR] Engine:466 - C:\Users\kisho\.stm32cubemx\thirdparties\pdsc\STMicroelectronics.FP-SNS-STBOX1.2.1.0.pdsc: PDSC version is not supported
2025-08-10 19:41:04,880 [WARN] PackLoader:240 - Cannot read IP mode file for STMicroelectronics.FP-SNS-SMARTAG2.1.2.0
2025-08-10 19:41:04,885 [ERROR] Engine:466 - C:\Users\kisho\.stm32cubemx\thirdparties\pdsc\STMicroelectronics.FP-SNS-FLIGHT1.5.1.0.pdsc: PDSC version is not supported
2025-08-10 19:41:04,979 [WARN] PackLoader:240 - Cannot read IP mode file for STMicroelectronics.X-CUBE-MEMS1.11.1.0
2025-08-10 19:41:05,187 [INFO] LogOutputStream:77 - [STDOUT_REDIRECT] 1 : Invalid condition id : UX_CORESTACK_Condition cause : null
2025-08-10 19:41:05,189 [INFO] LogOutputStream:77 - [STDOUT_REDIRECT] 1 : Invalid condition id : UX_CORESTACK_Condition cause : null
2025-08-10 19:41:05,192 [INFO] LogOutputStream:77 - [STDOUT_REDIRECT] 1 : Invalid condition id : UX_CORESTACK_Condition cause : null
2025-08-10 19:41:05,195 [INFO] LogOutputStream:77 - [STDOUT_REDIRECT] 1 : Invalid condition id : UX_CORESTACK_Condition cause : null
2025-08-10 19:41:05,197 [INFO] LogOutputStream:77 - [STDOUT_REDIRECT] 1 : Invalid condition id : UX_CORESTACK_Condition cause : null
2025-08-10 19:41:05,200 [WARN] PackLoader:240 - Cannot read IP mode file for STMicroelectronics.X-CUBE-AZRTOS-WL.2.0.0
2025-08-10 19:41:05,208 [WARN] PackLoader:240 - Cannot read IP mode file for STMicroelectronics.FP-SNS-MOTENV1.5.0.0
2025-08-10 19:41:05,216 [WARN] PackLoader:240 - Cannot read IP mode file for wolfSSL.I-CUBE-wolfMQTT.1.19.0
2025-08-10 19:41:05,230 [WARN] PackLoader:240 - Cannot read IP mode file for WES.I-CUBE-Cesium.1.3.0
2025-08-10 19:41:05,236 [WARN] PackLoader:240 - Cannot read IP mode file for STMicroelectronics.X-CUBE-BLE2.3.3.0
2025-08-10 19:41:05,244 [WARN] PackLoader:240 - Cannot read IP mode file for STMicroelectronics.X-CUBE-NFC9.1.0.0
2025-08-10 19:41:05,252 [WARN] PackLoader:240 - Cannot read IP mode file for wolfSSL.I-CUBE-wolfSSL.5.8.0
2025-08-10 19:41:05,258 [WARN] PackLoader:240 - Cannot read IP mode file for STMicroelectronics.X-CUBE-BLE1.7.1.0
2025-08-10 19:41:05,263 [WARN] PackLoader:240 - Cannot read IP mode file for wolfSSL.I-CUBE-wolfMQTT.1.19.2
2025-08-10 19:41:05,301 [WARN] PackLoader:240 - Cannot read IP mode file for STMicroelectronics.X-CUBE-TCPP.4.1.0
2025-08-10 19:41:05,313 [WARN] PackLoader:240 - Cannot read IP mode file for STMicroelectronics.X-CUBE-EEPRMA1.5.2.0
2025-08-10 19:41:05,325 [WARN] PackLoader:240 - Cannot read IP mode file for STMicroelectronics.X-CUBE-AI.10.1.0
2025-08-10 19:41:05,522 [WARN] PackLoader:240 - Cannot read IP mode file for STMicroelectronics.X-CUBE-MEMS1.11.2.0
2025-08-10 19:41:05,716 [WARN] PackLoader:240 - Cannot read IP mode file for STMicroelectronics.X-CUBE-AZRTOS-G0.1.1.0
2025-08-10 19:41:05,729 [WARN] PackLoader:240 - Cannot read IP mode file for STMicroelectronics.X-CUBE-SAFEA1.1.2.2
2025-08-10 19:41:05,737 [WARN] PackLoader:240 - Cannot read IP mode file for STMicroelectronics.X-CUBE-NFC4.3.0.0
2025-08-10 19:41:05,762 [WARN] PackLoader:240 - Cannot read IP mode file for EmbeddedOffice.I-CUBE-FS-RTOS.1.0.1
2025-08-10 19:41:05,763 [ERROR] ConditionMgr:805 - Attr not supported : Dmpu
2025-08-10 19:41:05,763 [ERROR] ConditionMgr:805 - Attr not supported : Dmpu
2025-08-10 19:41:05,763 [ERROR] ConditionMgr:805 - Attr not supported : Dmpu
2025-08-10 19:41:05,763 [ERROR] ConditionMgr:805 - Attr not supported : Dmpu
2025-08-10 19:41:05,764 [ERROR] ConditionMgr:805 - Attr not supported : Dmpu
2025-08-10 19:41:05,764 [ERROR] ConditionMgr:805 - Attr not supported : Dmpu
2025-08-10 19:41:05,764 [ERROR] ConditionMgr:805 - Attr not supported : Dmpu
2025-08-10 19:41:05,764 [ERROR] ConditionMgr:805 - Attr not supported : Dmpu
2025-08-10 19:41:05,764 [ERROR] ConditionMgr:805 - Attr not supported : Dmpu
2025-08-10 19:41:05,764 [ERROR] ConditionMgr:805 - Attr not supported : Dmpu
2025-08-10 19:41:05,764 [ERROR] ConditionMgr:805 - Attr not supported : Dmpu
2025-08-10 19:41:05,765 [ERROR] ConditionMgr:805 - Attr not supported : Dmpu
2025-08-10 19:41:05,765 [ERROR] ConditionMgr:805 - Attr not supported : Dmpu
2025-08-10 19:41:05,765 [ERROR] ConditionMgr:805 - Attr not supported : Dmpu
2025-08-10 19:41:05,766 [ERROR] ConditionMgr:805 - Attr not supported : Dmpu
2025-08-10 19:41:05,766 [ERROR] ConditionMgr:805 - Attr not supported : Dmpu
2025-08-10 19:41:05,766 [ERROR] ConditionMgr:805 - Attr not supported : Dmpu
2025-08-10 19:41:05,766 [ERROR] ConditionMgr:805 - Attr not supported : Dmpu
2025-08-10 19:41:05,766 [ERROR] ConditionMgr:805 - Attr not supported : Dmpu
2025-08-10 19:41:05,766 [ERROR] ConditionMgr:805 - Attr not supported : Dmpu
2025-08-10 19:41:05,766 [ERROR] ConditionMgr:805 - Attr not supported : Dmpu
2025-08-10 19:41:05,767 [ERROR] ConditionMgr:805 - Attr not supported : Dmpu
2025-08-10 19:41:05,767 [ERROR] ConditionMgr:805 - Attr not supported : Dmpu
2025-08-10 19:41:05,767 [ERROR] ConditionMgr:805 - Attr not supported : Dmpu
2025-08-10 19:41:05,767 [ERROR] ConditionMgr:805 - Attr not supported : Dmpu
2025-08-10 19:41:05,767 [ERROR] ConditionMgr:805 - Attr not supported : Dmpu
2025-08-10 19:41:05,767 [ERROR] ConditionMgr:805 - Attr not supported : Dmpu
2025-08-10 19:41:05,767 [ERROR] ConditionMgr:805 - Attr not supported : Dmpu
2025-08-10 19:41:05,767 [ERROR] ConditionMgr:805 - Attr not supported : Dmpu
2025-08-10 19:41:05,767 [ERROR] ConditionMgr:805 - Attr not supported : Dmpu
2025-08-10 19:41:05,767 [ERROR] ConditionMgr:805 - Attr not supported : Dmpu
2025-08-10 19:41:05,768 [ERROR] ConditionMgr:805 - Attr not supported : Dmpu
2025-08-10 19:41:05,768 [ERROR] ConditionMgr:805 - Attr not supported : Dmpu
2025-08-10 19:41:05,768 [ERROR] ConditionMgr:805 - Attr not supported : Dmpu
2025-08-10 19:41:05,768 [ERROR] ConditionMgr:805 - Attr not supported : Dmpu
2025-08-10 19:41:05,768 [ERROR] ConditionMgr:805 - Attr not supported : Dmpu
2025-08-10 19:41:05,768 [ERROR] ConditionMgr:805 - Attr not supported : Dmpu
2025-08-10 19:41:05,768 [ERROR] ConditionMgr:805 - Attr not supported : Dmpu
2025-08-10 19:41:05,768 [ERROR] ConditionMgr:805 - Attr not supported : Dmpu
2025-08-10 19:41:05,768 [ERROR] ConditionMgr:805 - Attr not supported : Dmpu
2025-08-10 19:41:05,768 [ERROR] ConditionMgr:805 - Attr not supported : Dmpu
2025-08-10 19:41:05,769 [ERROR] ConditionMgr:805 - Attr not supported : Dmpu
2025-08-10 19:41:05,769 [ERROR] ConditionMgr:805 - Attr not supported : Dmpu
2025-08-10 19:41:05,769 [ERROR] ConditionMgr:805 - Attr not supported : Dmpu
2025-08-10 19:41:05,769 [ERROR] ConditionMgr:805 - Attr not supported : Dmpu
2025-08-10 19:41:05,769 [ERROR] ConditionMgr:805 - Attr not supported : Dmpu
2025-08-10 19:41:05,769 [ERROR] ConditionMgr:805 - Attr not supported : Dmpu
2025-08-10 19:41:05,769 [ERROR] ConditionMgr:805 - Attr not supported : Dmpu
2025-08-10 19:41:05,769 [ERROR] ConditionMgr:805 - Attr not supported : Dmpu
2025-08-10 19:41:05,769 [ERROR] ConditionMgr:805 - Attr not supported : Dmpu
2025-08-10 19:41:05,769 [ERROR] ConditionMgr:805 - Attr not supported : Dmpu
2025-08-10 19:41:05,770 [ERROR] ConditionMgr:805 - Attr not supported : Dmpu
2025-08-10 19:41:05,770 [ERROR] ConditionMgr:805 - Attr not supported : Dmpu
2025-08-10 19:41:05,770 [ERROR] ConditionMgr:805 - Attr not supported : Dmpu
2025-08-10 19:41:05,770 [ERROR] ConditionMgr:805 - Attr not supported : Dmpu
2025-08-10 19:41:05,770 [ERROR] ConditionMgr:805 - Attr not supported : Dmpu
2025-08-10 19:41:05,770 [ERROR] ConditionMgr:805 - Attr not supported : Dmpu
2025-08-10 19:41:05,770 [ERROR] ConditionMgr:805 - Attr not supported : Dmpu
2025-08-10 19:41:05,770 [ERROR] ConditionMgr:805 - Attr not supported : Dmpu
2025-08-10 19:41:05,770 [ERROR] ConditionMgr:805 - Attr not supported : Dmpu
2025-08-10 19:41:05,770 [ERROR] ConditionMgr:805 - Attr not supported : Dmpu
2025-08-10 19:41:05,771 [ERROR] ConditionMgr:805 - Attr not supported : Dmpu
2025-08-10 19:41:05,771 [ERROR] ConditionMgr:805 - Attr not supported : Dmpu
2025-08-10 19:41:05,771 [ERROR] ConditionMgr:805 - Attr not supported : Dmpu
2025-08-10 19:41:05,779 [WARN] PackLoader:240 - Cannot read IP mode file for STMicroelectronics.X-CUBE-WB05N.2.0.0
2025-08-10 19:41:05,788 [WARN] PackLoader:240 - Cannot read IP mode file for wolfSSL.I-CUBE-wolfTPM.3.8.0
2025-08-10 19:41:05,792 [ERROR] Engine:466 - C:\Users\kisho\.stm32cubemx\thirdparties\pdsc\STMicroelectronics.X-CUBE-TCPP.4.2.0.pdsc: PDSC version is not supported
2025-08-10 19:41:05,801 [WARN] PackLoader:240 - Cannot read IP mode file for RealThread.X-CUBE-RT-Thread_Nano.4.1.1
2025-08-10 19:41:05,806 [WARN] PackLoader:240 - Cannot read IP mode file for wolfSSL.I-CUBE-wolfSSL.5.7.0
2025-08-10 19:41:05,813 [WARN] PackLoader:240 - Cannot read IP mode file for STMicroelectronics.FP-ATR-SIGFOX1.3.2.0
2025-08-10 19:41:05,817 [WARN] ConditionMgr:438 - getConditionDescription Invalid condition id : Cortex-A Device cause : null
2025-08-10 19:41:05,857 [WARN] ConditionMgr:1039 - genDependencies : Invalid condition id : Cortex-A Device cause : null
2025-08-10 19:41:05,858 [WARN] ConditionMgr:1039 - genDependencies : Invalid condition id : Cortex-A Device cause : null
2025-08-10 19:41:05,858 [WARN] ConditionMgr:1039 - genDependencies : Invalid condition id : Cortex-A Device cause : null
2025-08-10 19:41:05,865 [WARN] PackLoader:240 - Cannot read IP mode file for STMicroelectronics.X-CUBE-EEPRMA1.5.1.0
2025-08-10 19:41:05,872 [WARN] PackLoader:240 - Cannot read IP mode file for wolfSSL.I-CUBE-wolfSSL.5.7.6
2025-08-10 19:41:05,883 [WARN] PackLoader:240 - Cannot read IP mode file for ITTIA_DB.I-CUBE-ITTIADB.8.9.0
2025-08-10 19:41:05,886 [ERROR] Engine:466 - C:\Users\kisho\.stm32cubemx\thirdparties\pdsc\STMicroelectronics.X-CUBE-ST67W61.1.0.0.pdsc: PDSC version is not supported
2025-08-10 19:41:05,891 [WARN] PackLoader:240 - Cannot read IP mode file for STMicroelectronics.X-CUBE-AI.10.2.0
2025-08-10 19:41:05,929 [WARN] PackLoader:240 - Cannot read IP mode file for SEGGER.I-CUBE-embOS.1.3.1
2025-08-10 19:41:06,004 [WARN] PackLoader:240 - Cannot read IP mode file for STMicroelectronics.X-CUBE-ALGOBUILD.1.4.0
2025-08-10 19:41:06,097 [WARN] PackLoader:240 - Cannot read IP mode file for STMicroelectronics.X-CUBE-MEMS1.11.3.0
2025-08-10 19:41:06,326 [WARN] PackLoader:240 - Cannot read IP mode file for STMicroelectronics.X-CUBE-AI.9.1.0
2025-08-10 19:41:06,334 [WARN] PackLoader:240 - Cannot read IP mode file for STMicroelectronics.X-CUBE-PM33A1.1.0.0
2025-08-10 19:41:06,344 [WARN] PackLoader:240 - Cannot read IP mode file for STMicroelectronics.X-CUBE-GNSS1.6.0.0
2025-08-10 19:41:06,375 [WARN] PackLoader:240 - Cannot read IP mode file for STMicroelectronics.X-CUBE-AZRTOS-F4.1.1.0
2025-08-10 19:41:06,380 [ERROR] Engine:466 - C:\Users\kisho\.stm32cubemx\thirdparties\pdsc\Avnet-IotConnect.X-CUBE-IoTC-DA16k-PMOD.1.0.0.pdsc: PDSC version is not supported
2025-08-10 19:41:06,389 [WARN] PackLoader:240 - Cannot read IP mode file for STMicroelectronics.X-CUBE-ISPU.2.1.0
2025-08-10 19:41:06,400 [WARN] PackLoader:240 - Cannot read IP mode file for STMicroelectronics.X-CUBE-FREERTOS.1.2.0
2025-08-10 19:41:06,414 [WARN] PackLoader:240 - Cannot read IP mode file for STMicroelectronics.X-CUBE-NFC12.1.0.0
2025-08-10 19:41:06,443 [WARN] PackLoader:240 - Cannot read IP mode file for STMicroelectronics.X-CUBE-AZRTOS-L5.2.0.0
2025-08-10 19:41:06,458 [WARN] PackLoader:240 - Cannot read IP mode file for STMicroelectronics.X-CUBE-NFC6.3.1.0
2025-08-10 19:41:06,464 [INFO] WebApp:448 - Apply proxy settings
2025-08-10 19:41:06,465 [INFO] WebApp:533 - Chromium requires no authentication
2025-08-10 19:41:06,470 [WARN] PackLoader:240 - Cannot read IP mode file for STMicroelectronics.X-CUBE-DPower.1.2.0
2025-08-10 19:41:06,475 [WARN] PackLoader:240 - Cannot read IP mode file for STMicroelectronics.X-CUBE-AI.9.0.0
2025-08-10 19:41:06,480 [INFO] WebApp:476 - Direct internet connection detected
2025-08-10 19:41:06,482 [WARN] PackLoader:240 - Cannot read IP mode file for STMicroelectronics.X-CUBE-FREERTOS.1.3.1
2025-08-10 19:41:06,489 [WARN] PackLoader:240 - Cannot read IP mode file for STMicroelectronics.X-CUBE-FREERTOS.1.3.0
2025-08-10 19:41:06,500 [WARN] PackLoader:240 - Cannot read IP mode file for STMicroelectronics.X-CUBE-NFC7.1.0.1
2025-08-10 19:41:06,507 [WARN] PackLoader:240 - Cannot read IP mode file for wolfSSL.I-CUBE-wolfTPM.3.2.0
2025-08-10 19:41:06,511 [ERROR] Engine:466 - C:\Users\kisho\.stm32cubemx\thirdparties\pdsc\STMicroelectronics.FP-SNS-STAIOTCFT.1.0.0.pdsc: PDSC version is not supported
2025-08-10 19:41:06,517 [WARN] PackLoader:240 - Cannot read IP mode file for STMicroelectronics.X-CUBE-DPower.1.3.0
2025-08-10 19:41:06,528 [INFO] WebApp:869 - Register for checkConnection events
2025-08-10 19:41:06,529 [INFO] WebApp:448 - Apply proxy settings
2025-08-10 19:41:06,529 [INFO] WebApp:533 - Chromium requires no authentication
2025-08-10 19:41:06,530 [INFO] WebApp:476 - Direct internet connection detected
2025-08-10 19:41:06,547 [WARN] ConditionMgr:438 - getConditionDescription Invalid condition id : LAN8742 Phy interface Condition cause : null
2025-08-10 19:41:06,548 [WARN] PackLoader:240 - Cannot read IP mode file for STMicroelectronics.X-CUBE-AZRTOS-L4.2.0.0
2025-08-10 19:41:06,549 [WARN] ConditionMgr:1039 - genDependencies : Invalid condition id : LAN8742 Phy interface Condition cause : null
2025-08-10 19:41:06,549 [WARN] ConditionMgr:1039 - genDependencies : Invalid condition id : LAN8742 Phy interface Condition cause : null
2025-08-10 19:41:06,550 [WARN] ConditionMgr:1039 - genDependencies : Invalid condition id : LAN8742 Phy interface Condition cause : null
2025-08-10 19:41:06,562 [WARN] PackLoader:240 - Cannot read IP mode file for STMicroelectronics.X-CUBE-SFXS2LP1.4.0.0
2025-08-10 19:41:06,587 [WARN] PackLoader:240 - Cannot read IP mode file for STMicroelectronics.X-CUBE-AZRTOS-H7.3.3.0
2025-08-10 19:41:06,598 [ERROR] Engine:466 - C:\Users\kisho\.stm32cubemx\thirdparties\pdsc\STMicroelectronics.X-CUBE-BLEMGR.4.1.0.pdsc: PDSC version is not supported
2025-08-10 19:41:06,616 [WARN] ConditionMgr:438 - getConditionDescription Invalid condition id : UX DEVICE CLASS RTOS Condition cause : null
2025-08-10 19:41:06,616 [WARN] ConditionMgr:438 - getConditionDescription Invalid condition id : UX DEVICE CLASS RTOS Condition cause : null
2025-08-10 19:41:06,619 [WARN] PackLoader:240 - Cannot read IP mode file for STMicroelectronics.X-CUBE-AZRTOS-WB.2.0.0
2025-08-10 19:41:06,619 [WARN] ConditionMgr:1039 - genDependencies : Invalid condition id : UX DEVICE CLASS RTOS Condition cause : null
2025-08-10 19:41:06,620 [WARN] ConditionMgr:1039 - genDependencies : Invalid condition id : UX DEVICE CLASS RTOS Condition cause : null
2025-08-10 19:41:06,620 [WARN] ConditionMgr:1039 - genDependencies : Invalid condition id : UX DEVICE CLASS RTOS Condition cause : null
2025-08-10 19:41:06,620 [WARN] ConditionMgr:1039 - genDependencies : Invalid condition id : UX DEVICE CLASS RTOS Condition cause : null
2025-08-10 19:41:06,621 [WARN] ConditionMgr:1039 - genDependencies : Invalid condition id : UX DEVICE CLASS RTOS Condition cause : null
2025-08-10 19:41:06,631 [WARN] PackLoader:240 - Cannot read IP mode file for STMicroelectronics.X-CUBE-GNSS1.7.0.1
2025-08-10 19:41:06,641 [WARN] PackLoader:240 - Cannot read IP mode file for STMicroelectronics.X-CUBE-TOUCHGFX.4.25.0
2025-08-10 19:41:06,649 [WARN] PackLoader:240 - Cannot read IP mode file for STMicroelectronics.FP-SNS-STBOX1.2.0.0
2025-08-10 19:41:06,665 [WARN] PackLoader:240 - Cannot read IP mode file for STMicroelectronics.X-CUBE-SUBG2.5.0.0
2025-08-10 19:41:06,692 [WARN] PackLoader:240 - Cannot read IP mode file for STMicroelectronics.X-CUBE-AZRTOS-H7RS.1.1.0
2025-08-10 19:41:06,704 [WARN] PackLoader:240 - Cannot read IP mode file for Cesanta.I-CUBE-Mongoose.7.13.0
2025-08-10 19:41:06,728 [WARN] PackLoader:240 - Cannot read IP mode file for STMicroelectronics.X-CUBE-AZRTOS-G4.2.0.0
2025-08-10 19:41:06,738 [WARN] PackLoader:240 - Cannot read IP mode file for wolfSSL.I-CUBE-wolfSSH.1.4.20
2025-08-10 19:41:06,745 [WARN] PackLoader:240 - Cannot read IP mode file for STMicroelectronics.X-CUBE-NFC7.2.0.0
2025-08-10 19:41:06,750 [WARN] PackLoader:240 - Cannot read IP mode file for STMicroelectronics.X-CUBE-ISPU.2.0.0
2025-08-10 19:41:06,756 [ERROR] Engine:466 - C:\Users\kisho\.stm32cubemx\thirdparties\pdsc\STMicroelectronics.X-CUBE-IPS.3.1.0.pdsc: PDSC version is not supported
2025-08-10 19:41:06,761 [WARN] PackLoader:240 - Cannot read IP mode file for STMicroelectronics.X-CUBE-ALS.1.0.2
2025-08-10 19:41:06,804 [WARN] PackLoader:240 - Cannot read IP mode file for STMicroelectronics.X-CUBE-MEMS1.10.0.0
2025-08-10 19:41:06,931 [WARN] PackLoader:240 - Cannot read IP mode file for STMicroelectronics.X-CUBE-TOUCHGFX.4.24.0
2025-08-10 19:41:06,989 [INFO] WebApp:220 - Starting web application
2025-08-10 19:41:06,997 [INFO] WebApp:186 - Connection restablished
2025-08-10 19:41:07,075 [INFO] WebApp:578 - Web application path used C:\ST\STM32CubeIDE_1.16.0\STM32CubeIDE\plugins\com.st.stm32cube.common.mx_6.12.0.202406281431\db\plugins\mcufinder\reactClient1\index.html
2025-08-10 19:41:07,077 [WARN] PackLoader:240 - Cannot read IP mode file for STMicroelectronics.X-CUBE-TOUCHGFX.4.24.2
2025-08-10 19:41:07,089 [WARN] PackLoader:240 - Cannot read IP mode file for portGmbH.I-Cube-SoM-uGOAL.1.1.0
2025-08-10 19:41:07,267 [WARN] PackLoader:240 - Cannot read IP mode file for STMicroelectronics.X-CUBE-AZRTOS-H7RS.1.0.0
2025-08-10 19:41:07,285 [WARN] PackLoader:240 - Cannot read IP mode file for STMicroelectronics.FP-ATR-ASTRA1.2.0.0
2025-08-10 19:41:07,308 [WARN] PackLoader:240 - Cannot read IP mode file for STMicroelectronics.X-CUBE-TOF1.3.4.2
2025-08-10 19:41:07,332 [ERROR] Engine:466 - C:\Users\kisho\.stm32cubemx\thirdparties\pdsc\STMicroelectronics.X-CUBE-TOF1.3.4.3.pdsc: PDSC version is not supported
2025-08-10 19:41:07,348 [WARN] PackLoader:240 - Cannot read IP mode file for STMicroelectronics.X-CUBE-TOF1.3.4.1
2025-08-10 19:41:07,408 [WARN] PackLoader:240 - Cannot read IP mode file for STMicroelectronics.X-CUBE-AZRTOS-H7.3.2.0
2025-08-10 19:41:07,430 [WARN] PackLoader:240 - Cannot read IP mode file for Infineon.AIROC-Wi-Fi-Bluetooth-STM32.1.6.0
2025-08-10 19:41:07,439 [WARN] PackLoader:240 - Cannot read IP mode file for wolfSSL.I-CUBE-wolfSSH.1.4.17
2025-08-10 19:41:07,441 [INFO] ThirdParty:978 - Integrity check success = true
2025-08-10 19:41:07,441 [INFO] IntegrityCheckThread:100 - exiting critical section [integrity check]
2025-08-10 19:41:07,441 [INFO] IntegrityCheckThread:103 - End integrity checks thread
2025-08-10 19:45:05,245 [ERROR] LogOutputStream:75 - [STDERR_REDIRECT] 
2025-08-10 19:51:21,376 [INFO] Activator:176 - 


2025-08-10 19:51:21,379 [INFO] Activator:177 - !SESSION log4j initialized
2025-08-10 19:51:26,414 [INFO] LogOutputStream:77 - [STDOUT_REDIRECT] 
2025-08-10 19:51:32,594 [INFO] ApplicationProperties:184 - Using Application install path: C:\ST\STM32CubeIDE_1.16.0\STM32CubeIDE\plugins\com.st.stm32cube.common.mx_6.12.0.202406281431
2025-08-10 19:51:32,632 [INFO] DbMcusXml:78 - Set database path to: C:\ST\STM32CubeIDE_1.16.0\STM32CubeIDE\plugins\com.st.stm32cube.common.mx_6.12.0.202406281431\\db\/mcu/
2025-08-10 19:51:32,633 [INFO] ApiDb:274 - Set plugin database path to: C:\ST\STM32CubeIDE_1.16.0\STM32CubeIDE\plugins\com.st.stm32cube.common.mx_6.12.0.202406281431\\db\/plugins/boardmanager/
2025-08-10 19:51:32,633 [WARN] ApiDb:259 - Overriding images path with different value:  => C:\ST\STM32CubeIDE_1.16.0\STM32CubeIDE\plugins\com.st.stm32cube.common.mx_6.12.0.202406281431\\db\/plugins/mcufinder/images/
2025-08-10 19:51:32,648 [INFO] ApiDb:250 - Set database path to: C:\Users\kisho\.stmcufinder\plugins\mcufinder//mcu/
2025-08-10 19:51:32,651 [INFO] DbMcusAds:125 - Set database path to: C:\Users\kisho\.stmcufinder\plugins\mcufinder//mcu/
2025-08-10 19:51:32,655 [INFO] CrossReferenceDbSqlite:203 - Set database path to: C:\Users\kisho\.stmcufinder\plugins\mcufinder//mcu/cs/
2025-08-10 19:51:32,966 [INFO] RulesReader:64 - Compatibility file has been processed (297 Rules)
2025-08-10 19:51:33,144 [INFO] DbMcusXml:78 - Set database path to: C:\ST\STM32CubeIDE_1.16.0\STM32CubeIDE\plugins\com.st.stm32cube.common.mx_6.12.0.202406281431\\db\/mcu/
2025-08-10 19:51:33,144 [INFO] ApiDb:274 - Set plugin database path to: C:\ST\STM32CubeIDE_1.16.0\STM32CubeIDE\plugins\com.st.stm32cube.common.mx_6.12.0.202406281431\\db\/plugins/boardmanager/
2025-08-10 19:51:33,144 [INFO] ApiDb:261 - Set plugin images path to: C:\ST\STM32CubeIDE_1.16.0\STM32CubeIDE\plugins\com.st.stm32cube.common.mx_6.12.0.202406281431\\db\/plugins/mcufinder/images/
2025-08-10 19:51:33,145 [WARN] DbFile:41 - Overriding database path with different value: C:\Users\kisho\.stmcufinder\plugins\mcufinder/ => C:\Users\kisho\.stmcufinder\plugins\mcufinder
2025-08-10 19:51:33,145 [INFO] ApiDb:250 - Set database path to: C:\Users\kisho\.stmcufinder\plugins\mcufinder//mcu/
2025-08-10 19:51:33,145 [WARN] DbFile:41 - Overriding database path with different value: C:\Users\kisho\.stmcufinder\plugins\mcufinder/ => C:\Users\kisho\.stmcufinder\plugins\mcufinder
2025-08-10 19:51:33,145 [INFO] DbMcusAds:125 - Set database path to: C:\Users\kisho\.stmcufinder\plugins\mcufinder//mcu/
2025-08-10 19:51:33,145 [WARN] DbFile:41 - Overriding database path with different value: C:\Users\kisho\.stmcufinder\plugins\mcufinder/ => C:\Users\kisho\.stmcufinder\plugins\mcufinder
2025-08-10 19:51:33,145 [WARN] DbFile:41 - Overriding database path with different value: C:\Users\kisho\.stmcufinder\plugins\mcufinder/ => C:\Users\kisho\.stmcufinder\plugins\mcufinder
2025-08-10 19:51:33,146 [INFO] CrossReferenceDbSqlite:203 - Set database path to: C:\Users\kisho\.stmcufinder\plugins\mcufinder//mcu/cs/
2025-08-10 19:51:33,306 [INFO] MainPanel:268 - HeapMemory: 268435456
2025-08-10 19:51:33,477 [INFO] DbMcusXml:78 - Set database path to: C:\ST\STM32CubeIDE_1.16.0\STM32CubeIDE\plugins\com.st.stm32cube.common.mx_6.12.0.202406281431\\db\/mcu/
2025-08-10 19:51:33,478 [INFO] ApiDb:274 - Set plugin database path to: C:\ST\STM32CubeIDE_1.16.0\STM32CubeIDE\plugins\com.st.stm32cube.common.mx_6.12.0.202406281431\\db\/plugins/boardmanager/
2025-08-10 19:51:33,478 [INFO] ApiDb:261 - Set plugin images path to: C:\ST\STM32CubeIDE_1.16.0\STM32CubeIDE\plugins\com.st.stm32cube.common.mx_6.12.0.202406281431\\db\/plugins/mcufinder/images/
2025-08-10 19:51:33,479 [WARN] DbFile:41 - Overriding database path with different value: C:\Users\kisho\.stmcufinder\plugins\mcufinder/ => C:\Users\kisho\.stmcufinder\plugins\mcufinder
2025-08-10 19:51:33,479 [INFO] ApiDb:250 - Set database path to: C:\Users\kisho\.stmcufinder\plugins\mcufinder//mcu/
2025-08-10 19:51:33,479 [WARN] DbFile:41 - Overriding database path with different value: C:\Users\kisho\.stmcufinder\plugins\mcufinder/ => C:\Users\kisho\.stmcufinder\plugins\mcufinder
2025-08-10 19:51:33,479 [INFO] DbMcusAds:125 - Set database path to: C:\Users\kisho\.stmcufinder\plugins\mcufinder//mcu/
2025-08-10 19:51:33,479 [WARN] DbFile:41 - Overriding database path with different value: C:\Users\kisho\.stmcufinder\plugins\mcufinder/ => C:\Users\kisho\.stmcufinder\plugins\mcufinder
2025-08-10 19:51:33,480 [WARN] DbFile:41 - Overriding database path with different value: C:\Users\kisho\.stmcufinder\plugins\mcufinder/ => C:\Users\kisho\.stmcufinder\plugins\mcufinder
2025-08-10 19:51:33,480 [INFO] CrossReferenceDbSqlite:203 - Set database path to: C:\Users\kisho\.stmcufinder\plugins\mcufinder//mcu/cs/
2025-08-10 19:51:33,519 [INFO] ApplicationProperties:184 - Using Application install path: C:\ST\STM32CubeIDE_1.16.0\STM32CubeIDE\plugins\com.st.stm32cube.common.mx_6.12.0.202406281431
2025-08-10 19:51:33,521 [INFO] PluginManage:196 - Search for loadable plugins [exclusion list=, ]
2025-08-10 19:51:33,524 [INFO] PluginManage:310 - Check plugin analytics
2025-08-10 19:51:33,907 [INFO] AnalyticsPlugin:253 - Accepted Software Licenses: STM32CubeMX.6.12.0
2025-08-10 19:51:33,907 [INFO] AnalyticsPlugin:255 - Accepted CMSIS Pack Licenses: STMicroelectronics.X-CUBE-AI.10.1.0
2025-08-10 19:51:33,909 [INFO] AnalyticsPlugin:257 - Accepted Firmware Licenses: FW.F4.1.28.0
2025-08-10 19:51:33,909 [INFO] PluginManage:359 - Loaded plugin analytics (category:tool,tabindex:-1)
2025-08-10 19:51:33,909 [INFO] PluginManage:310 - Check plugin cadmodel
2025-08-10 19:51:33,917 [INFO] CADModel:105 - Init CAD model plugin
2025-08-10 19:51:33,918 [INFO] PluginManage:359 - Loaded plugin cadmodel (category:power,tabindex:5)
2025-08-10 19:51:33,918 [INFO] PluginManage:310 - Check plugin clock
2025-08-10 19:51:33,934 [INFO] PluginManage:359 - Loaded plugin clock (category:base,tabindex:2)
2025-08-10 19:51:33,934 [INFO] PluginManage:310 - Check plugin ddr
2025-08-10 19:51:33,938 [INFO] PluginManage:359 - Loaded plugin ddr (category:tool,tabindex:6)
2025-08-10 19:51:33,938 [INFO] PluginManage:310 - Check plugin filemanager
2025-08-10 19:51:34,247 [INFO] PluginManage:359 - Loaded plugin filemanager (category:base,tabindex:10)
2025-08-10 19:51:34,248 [INFO] PluginManage:310 - Check plugin ipmanager
2025-08-10 19:51:34,262 [INFO] PluginManage:359 - Loaded plugin ipmanager (category:base,tabindex:5)
2025-08-10 19:51:34,262 [INFO] PluginManage:310 - Check plugin lpbam
2025-08-10 19:51:34,280 [INFO] PluginManage:359 - Loaded plugin lpbam (category:base,tabindex:0)
2025-08-10 19:51:34,280 [INFO] PluginManage:310 - Check plugin memorymap
2025-08-10 19:51:34,307 [INFO] PluginManage:359 - Loaded plugin memorymap (category:base,tabindex:4)
2025-08-10 19:51:34,307 [INFO] PluginManage:310 - Check plugin pinoutandconfiguration
2025-08-10 19:51:34,336 [INFO] PluginManage:359 - Loaded plugin pinoutandconfiguration (category:base,tabindex:1)
2025-08-10 19:51:34,336 [INFO] PluginManage:310 - Check plugin pinoutconfig
2025-08-10 19:51:34,578 [WARN] SupportedApi:132 - Cannot load RTOS API schema: s4s-elt-must-match.1: The content of 'definitions' must match (annotation?, (simpleType | complexType)?, (unique | key | keyref)*)). A problem was found starting at: attribute.
2025-08-10 19:51:34,875 [INFO] PluginManage:359 - Loaded plugin pinoutconfig (category:base,tabindex:0)
2025-08-10 19:51:34,884 [INFO] PluginManage:310 - Check plugin power
2025-08-10 19:51:34,904 [INFO] PluginManage:359 - Loaded plugin power (category:power,tabindex:4)
2025-08-10 19:51:34,904 [INFO] PluginManage:310 - Check plugin projectmanager
2025-08-10 19:51:34,936 [INFO] PluginManage:359 - Loaded plugin projectmanager (category:projectmanager,tabindex:4)
2025-08-10 19:51:34,936 [INFO] PluginManage:310 - Check plugin rif
2025-08-10 19:51:34,950 [INFO] PluginManage:359 - Loaded plugin rif (category:base,tabindex:3)
2025-08-10 19:51:34,950 [INFO] PluginManage:310 - Check plugin thirdparty
2025-08-10 19:51:35,230 [WARN] IntegrityCheckThread:84 - waiting for thirdparty lock release [integrity check]
2025-08-10 19:51:35,231 [INFO] PluginManage:359 - Loaded plugin thirdparty (category:base,tabindex:-1)
2025-08-10 19:51:35,231 [INFO] IntegrityCheckThread:86 - entering critical section [integrity check]
2025-08-10 19:51:35,231 [INFO] PluginManage:310 - Check plugin tools
2025-08-10 19:51:35,232 [INFO] ThirdPartyUpdaterWithRetryManager:70 - Updater plugin not ready yet. [1/15]
2025-08-10 19:51:35,236 [INFO] PluginManage:359 - Loaded plugin tools (category:base,tabindex:7)
2025-08-10 19:51:35,236 [INFO] PluginManage:310 - Check plugin tutovideos
2025-08-10 19:51:35,604 [INFO] PluginManage:359 - Loaded plugin tutovideos (category:base,tabindex:-1)
2025-08-10 19:51:35,604 [INFO] PluginManage:310 - Check plugin updater
2025-08-10 19:51:35,632 [INFO] PluginManage:359 - Loaded plugin updater (category:base,tabindex:12)
2025-08-10 19:51:35,632 [INFO] PluginManage:310 - Check plugin userauth
2025-08-10 19:51:35,641 [INFO] UserAuth:113 - Init User Auth plugin
2025-08-10 19:51:35,642 [INFO] PluginManage:359 - Loaded plugin userauth (category:base,tabindex:14)
2025-08-10 19:51:35,643 [INFO] PluginManage:283 - PluginManage : Loaded plugins [18]
2025-08-10 19:51:36,130 [INFO] PinOutPanel:1561 - setPackage(No Configuration,No Configuration)
2025-08-10 19:51:36,295 [INFO] CADModel:165 - CPN selected for project level
2025-08-10 19:51:36,296 [INFO] CADModel:114 - Register for checkConnection events
2025-08-10 19:51:36,327 [INFO] IPUIPlugin:80 - create IPUIPlugin
2025-08-10 19:51:36,328 [INFO] PluginManager:220 - loadIPPluginJar : add adc
2025-08-10 19:51:36,332 [INFO] IPUIPlugin:80 - create IPUIPlugin
2025-08-10 19:51:36,333 [INFO] PluginManager:220 - loadIPPluginJar : add aes
2025-08-10 19:51:36,337 [INFO] IPUIPlugin:80 - create IPUIPlugin
2025-08-10 19:51:36,337 [INFO] PluginManager:220 - loadIPPluginJar : add can
2025-08-10 19:51:36,340 [INFO] IPUIPlugin:80 - create IPUIPlugin
2025-08-10 19:51:36,340 [INFO] PluginManager:220 - loadIPPluginJar : add comp
2025-08-10 19:51:36,344 [INFO] IPUIPlugin:80 - create IPUIPlugin
2025-08-10 19:51:36,345 [INFO] PluginManager:220 - loadIPPluginJar : add cryp
2025-08-10 19:51:36,349 [INFO] IPUIPlugin:80 - create IPUIPlugin
2025-08-10 19:51:36,349 [INFO] PluginManager:220 - loadIPPluginJar : add ddr_ctrl_phy
2025-08-10 19:51:36,354 [INFO] IPUIPlugin:80 - create IPUIPlugin
2025-08-10 19:51:36,354 [INFO] PluginManager:220 - loadIPPluginJar : add dfsdm
2025-08-10 19:51:36,364 [INFO] IPUIPlugin:80 - create IPUIPlugin
2025-08-10 19:51:36,365 [INFO] PluginManager:220 - loadIPPluginJar : add dma
2025-08-10 19:51:36,370 [INFO] IPUIPlugin:80 - create IPUIPlugin
2025-08-10 19:51:36,370 [INFO] PluginManager:220 - loadIPPluginJar : add dma3
2025-08-10 19:51:36,377 [INFO] IPUIPlugin:80 - create IPUIPlugin
2025-08-10 19:51:36,377 [INFO] PluginManager:220 - loadIPPluginJar : add extmemmanager
2025-08-10 19:51:36,381 [INFO] IPUIPlugin:80 - create IPUIPlugin
2025-08-10 19:51:36,381 [INFO] PluginManager:220 - loadIPPluginJar : add fatfs
2025-08-10 19:51:36,388 [INFO] IPUIPlugin:80 - create IPUIPlugin
2025-08-10 19:51:36,389 [INFO] PluginManager:220 - loadIPPluginJar : add fmc
2025-08-10 19:51:36,400 [INFO] IPUIPlugin:80 - create IPUIPlugin
2025-08-10 19:51:36,401 [INFO] PluginManager:220 - loadIPPluginJar : add freertos
2025-08-10 19:51:36,403 [INFO] IPUIPlugin:80 - create IPUIPlugin
2025-08-10 19:51:36,403 [INFO] PluginManager:220 - loadIPPluginJar : add genericplugin
2025-08-10 19:51:36,408 [INFO] IPUIPlugin:80 - create IPUIPlugin
2025-08-10 19:51:36,409 [INFO] PluginManager:220 - loadIPPluginJar : add gfxmmu
2025-08-10 19:51:36,417 [INFO] IPUIPlugin:80 - create IPUIPlugin
2025-08-10 19:51:36,417 [INFO] PluginManager:220 - loadIPPluginJar : add gic
2025-08-10 19:51:36,427 [INFO] IPUIPlugin:80 - create IPUIPlugin
2025-08-10 19:51:36,427 [INFO] PluginManager:220 - loadIPPluginJar : add gpio
2025-08-10 19:51:36,434 [INFO] IPUIPlugin:80 - create IPUIPlugin
2025-08-10 19:51:36,435 [INFO] PluginManager:220 - loadIPPluginJar : add gtzc
2025-08-10 19:51:36,441 [INFO] IPUIPlugin:80 - create IPUIPlugin
2025-08-10 19:51:36,441 [INFO] PluginManager:220 - loadIPPluginJar : add hash
2025-08-10 19:51:36,447 [INFO] IPUIPlugin:80 - create IPUIPlugin
2025-08-10 19:51:36,447 [INFO] PluginManager:220 - loadIPPluginJar : add i2c
2025-08-10 19:51:36,451 [INFO] IPUIPlugin:80 - create IPUIPlugin
2025-08-10 19:51:36,452 [INFO] PluginManager:220 - loadIPPluginJar : add i2s
2025-08-10 19:51:36,456 [INFO] IPUIPlugin:80 - create IPUIPlugin
2025-08-10 19:51:36,456 [INFO] PluginManager:220 - loadIPPluginJar : add i3c
2025-08-10 19:51:36,461 [INFO] IPUIPlugin:80 - create IPUIPlugin
2025-08-10 19:51:36,462 [INFO] PluginManager:220 - loadIPPluginJar : add ipddr
2025-08-10 19:51:36,473 [INFO] IPUIPlugin:80 - create IPUIPlugin
2025-08-10 19:51:36,473 [INFO] PluginManager:220 - loadIPPluginJar : add linkedlist
2025-08-10 19:51:36,479 [INFO] IPUIPlugin:80 - create IPUIPlugin
2025-08-10 19:51:36,479 [INFO] PluginManager:220 - loadIPPluginJar : add lorawan
2025-08-10 19:51:36,481 [INFO] IPUIPlugin:80 - create IPUIPlugin
2025-08-10 19:51:36,481 [INFO] PluginManager:220 - loadIPPluginJar : add ltdc
2025-08-10 19:51:36,493 [INFO] IPUIPlugin:80 - create IPUIPlugin
2025-08-10 19:51:36,493 [INFO] PluginManager:220 - loadIPPluginJar : add mdma
2025-08-10 19:51:36,499 [INFO] IPUIPlugin:80 - create IPUIPlugin
2025-08-10 19:51:36,500 [INFO] PluginManager:220 - loadIPPluginJar : add nvic
2025-08-10 19:51:36,505 [INFO] IPUIPlugin:80 - create IPUIPlugin
2025-08-10 19:51:36,505 [INFO] PluginManager:220 - loadIPPluginJar : add opamp
2025-08-10 19:51:36,518 [INFO] IPUIPlugin:80 - create IPUIPlugin
2025-08-10 19:51:36,519 [INFO] PluginManager:220 - loadIPPluginJar : add openamp
2025-08-10 19:51:36,524 [INFO] IPUIPlugin:80 - create IPUIPlugin
2025-08-10 19:51:36,524 [INFO] PluginManager:220 - loadIPPluginJar : add pdm2pcm
2025-08-10 19:51:36,534 [INFO] IPUIPlugin:80 - create IPUIPlugin
2025-08-10 19:51:36,538 [INFO] PluginManager:220 - loadIPPluginJar : add plateformsettings
2025-08-10 19:51:36,542 [INFO] IPUIPlugin:80 - create IPUIPlugin
2025-08-10 19:51:36,542 [INFO] PluginManager:220 - loadIPPluginJar : add quadspi
2025-08-10 19:51:36,545 [INFO] IPUIPlugin:80 - create IPUIPlugin
2025-08-10 19:51:36,546 [INFO] PluginManager:220 - loadIPPluginJar : add radio
2025-08-10 19:51:36,551 [INFO] IPUIPlugin:80 - create IPUIPlugin
2025-08-10 19:51:36,551 [INFO] PluginManager:220 - loadIPPluginJar : add resmgrutility
2025-08-10 19:51:36,556 [INFO] IPUIPlugin:80 - create IPUIPlugin
2025-08-10 19:51:36,556 [INFO] PluginManager:220 - loadIPPluginJar : add sai
2025-08-10 19:51:36,561 [INFO] IPUIPlugin:80 - create IPUIPlugin
2025-08-10 19:51:36,562 [INFO] PluginManager:220 - loadIPPluginJar : add spi
2025-08-10 19:51:36,570 [INFO] IPUIPlugin:80 - create IPUIPlugin
2025-08-10 19:51:36,570 [INFO] PluginManager:220 - loadIPPluginJar : add stm32_wpan
2025-08-10 19:51:36,576 [INFO] IPUIPlugin:80 - create IPUIPlugin
2025-08-10 19:51:36,576 [INFO] PluginManager:220 - loadIPPluginJar : add tim
2025-08-10 19:51:36,583 [INFO] IPUIPlugin:80 - create IPUIPlugin
2025-08-10 19:51:36,583 [INFO] PluginManager:220 - loadIPPluginJar : add touchsensing
2025-08-10 19:51:36,588 [INFO] IPUIPlugin:80 - create IPUIPlugin
2025-08-10 19:51:36,588 [INFO] PluginManager:220 - loadIPPluginJar : add tracer_emb
2025-08-10 19:51:36,592 [INFO] IPUIPlugin:80 - create IPUIPlugin
2025-08-10 19:51:36,592 [INFO] PluginManager:220 - loadIPPluginJar : add ts
2025-08-10 19:51:36,596 [INFO] IPUIPlugin:80 - create IPUIPlugin
2025-08-10 19:51:36,596 [INFO] PluginManager:220 - loadIPPluginJar : add tsc
2025-08-10 19:51:36,600 [INFO] IPUIPlugin:80 - create IPUIPlugin
2025-08-10 19:51:36,600 [INFO] PluginManager:220 - loadIPPluginJar : add ucpd
2025-08-10 19:51:36,609 [INFO] IPUIPlugin:80 - create IPUIPlugin
2025-08-10 19:51:36,610 [INFO] PluginManager:220 - loadIPPluginJar : add usart
2025-08-10 19:51:36,616 [INFO] IPUIPlugin:80 - create IPUIPlugin
2025-08-10 19:51:36,616 [INFO] PluginManager:220 - loadIPPluginJar : add usbx
2025-08-10 19:51:36,826 [INFO] CADModel:165 - CPN selected for project level
2025-08-10 19:51:36,827 [INFO] CADModel:114 - Register for checkConnection events
2025-08-10 19:51:36,827 [FATAL] Updater:334 - Updater called before beeing initialized
2025-08-10 19:51:36,827 [ERROR] CADModel:125 - Updater not yet initialized, retry later 
2025-08-10 19:51:37,131 [INFO] CADModel:165 - CPN selected for project level
2025-08-10 19:51:37,131 [INFO] CADModel:114 - Register for checkConnection events
2025-08-10 19:51:37,131 [FATAL] Updater:334 - Updater called before beeing initialized
2025-08-10 19:51:37,132 [ERROR] CADModel:125 - Updater not yet initialized, retry later 
2025-08-10 19:51:37,138 [FATAL] Updater:334 - Updater called before beeing initialized
2025-08-10 19:51:37,369 [FATAL] Updater:334 - Updater called before beeing initialized
2025-08-10 19:51:37,377 [INFO] DbMcusAds:53 - JSON generation date=Tue Jul 08 13:44:23 IST 2025 (1751962463582)
2025-08-10 19:51:37,378 [FATAL] Updater:334 - Updater called before beeing initialized
2025-08-10 19:51:37,446 [WARN] DetailPanel:346 - Failed to get advertising image, set to default
2025-08-10 19:51:37,726 [FATAL] Updater:334 - Updater called before beeing initialized
2025-08-10 19:51:37,729 [FATAL] Updater:334 - Updater called before beeing initialized
2025-08-10 19:51:37,729 [FATAL] Updater:334 - Updater called before beeing initialized
2025-08-10 19:51:37,730 [WARN] DetailPanel:346 - Failed to get advertising image, set to default
2025-08-10 19:51:37,731 [FATAL] Updater:334 - Updater called before beeing initialized
2025-08-10 19:51:37,810 [ERROR] Updater:1164 - MainUpdater not yet initialized. External WinMGr cannot be set.
2025-08-10 19:51:37,813 [INFO] Updater:1100 - Updater Version found : 6.12.0
2025-08-10 19:51:37,850 [INFO] ApplicationProperties:184 - Using Application install path: C:\ST\STM32CubeIDE_1.16.0\STM32CubeIDE\plugins\com.st.stm32cube.common.mx_6.12.0.202406281431
2025-08-10 19:51:38,235 [INFO] ThirdPartyUpdaterWithRetryManager:70 - Updater plugin not ready yet. [2/15]
2025-08-10 19:51:38,348 [INFO] MainUpdater:2873 - connection check result : 10
2025-08-10 19:51:38,349 [INFO] MainUpdater:290 - Updater Check For Update Now.
2025-08-10 19:51:38,349 [INFO] MicroXplorer:498 - Change Database Version : DB.6.0.120
2025-08-10 19:51:38,364 [INFO] McuFinderGlobals:63 - Set McuFinder mode to 2 (CubeIDE integrated)
2025-08-10 19:51:38,364 [INFO] UserAuth:179 - activating auth plugin
2025-08-10 19:51:38,371 [INFO] UserAuth:417 - Internet connection configuration mode: 1
2025-08-10 19:51:38,407 [INFO] JxBrowserEngine:152 - Initiate JxBrowser Engine with user profile folder
2025-08-10 19:51:38,661 [INFO] CheckServerUpdateThread:120 - End of CheckServer Thread
2025-08-10 19:51:39,762 [INFO] WebApp:167 - Instantiating new browser for Auth
2025-08-10 19:51:41,416 [INFO] WebApp:448 - Apply proxy settings
2025-08-10 19:51:41,418 [INFO] WebApp:533 - Chromium requires no authentication
2025-08-10 19:51:41,437 [INFO] WebApp:476 - Direct internet connection detected
2025-08-10 19:51:41,497 [INFO] WebApp:869 - Register for checkConnection events
2025-08-10 19:51:41,498 [INFO] WebApp:448 - Apply proxy settings
2025-08-10 19:51:41,498 [INFO] WebApp:533 - Chromium requires no authentication
2025-08-10 19:51:41,499 [INFO] WebApp:476 - Direct internet connection detected
2025-08-10 19:51:41,805 [WARN] PackLoader:240 - Cannot read IP mode file for STMicroelectronics.FP-SNS-MOTENVWB1.1.4.0
2025-08-10 19:51:41,824 [WARN] PackLoader:240 - Cannot read IP mode file for STMicroelectronics.FP-ATR-ASTRA1.2.0.2
2025-08-10 19:51:41,830 [WARN] PackLoader:240 - Cannot read IP mode file for STMicroelectronics.FP-ATR-ASTRA1.2.0.1
2025-08-10 19:51:41,849 [WARN] PackLoader:240 - Cannot read IP mode file for STMicroelectronics.X-CUBE-SMBUS.2.1.0
2025-08-10 19:51:41,864 [WARN] PackLoader:240 - Cannot read IP mode file for STMicroelectronics.X-CUBE-WB05N.1.1.0
2025-08-10 19:51:41,871 [ERROR] Engine:466 - C:\Users\kisho\.stm32cubemx\thirdparties\pdsc\STMicroelectronics.X-CUBE-ST60.1.0.0.pdsc: PDSC version is not supported
2025-08-10 19:51:41,934 [WARN] PackLoader:240 - Cannot read IP mode file for STMicroelectronics.X-CUBE-AZRTOS-F7.1.1.0
2025-08-10 19:51:41,952 [WARN] PackLoader:240 - Cannot read IP mode file for STMicroelectronics.FP-SNS-FLIGHT1.5.0.2
2025-08-10 19:51:41,960 [INFO] WebApp:220 - Starting web application
2025-08-10 19:51:41,960 [INFO] WebApp:578 - Web application path used C:\ST\STM32CubeIDE_1.16.0\STM32CubeIDE\plugins\com.st.stm32cube.common.mx_6.12.0.202406281431\db\plugins\mcufinder\reactClient1\index.html
2025-08-10 19:51:42,023 [WARN] PackLoader:240 - Cannot read IP mode file for Infineon.AIROC-Wi-Fi-Bluetooth-STM32.1.7.0
2025-08-10 19:51:42,084 [WARN] PackLoader:240 - Cannot read IP mode file for STMicroelectronics.X-CUBE-AZRTOS-H7.3.4.0
2025-08-10 19:51:42,115 [WARN] PackLoader:240 - Cannot read IP mode file for STMicroelectronics.X-CUBE-DISPLAY.3.0.0
2025-08-10 19:51:42,134 [WARN] PackLoader:240 - Cannot read IP mode file for STMicroelectronics.X-CUBE-BLE1.7.0.0
2025-08-10 19:51:42,150 [WARN] PackLoader:240 - Cannot read IP mode file for STMicroelectronics.X-CUBE-NFC10.1.0.0
2025-08-10 19:51:42,177 [WARN] PackLoader:240 - Cannot read IP mode file for STMicroelectronics.X-CUBE-BLEMGR.4.0.0
2025-08-10 19:51:42,196 [WARN] PackLoader:240 - Cannot read IP mode file for emotas.I-CUBE-CANOPEN.1.3.0
2025-08-10 19:51:42,208 [WARN] ConditionMgr:438 - getConditionDescription Invalid condition id : Cortex-A Device cause : null
2025-08-10 19:51:42,234 [WARN] ConditionMgr:1039 - genDependencies : Invalid condition id : Cortex-A Device cause : null
2025-08-10 19:51:42,235 [WARN] ConditionMgr:1039 - genDependencies : Invalid condition id : Cortex-A Device cause : null
2025-08-10 19:51:42,235 [WARN] ConditionMgr:1039 - genDependencies : Invalid condition id : Cortex-A Device cause : null
2025-08-10 19:51:42,256 [WARN] PackLoader:240 - Cannot read IP mode file for STMicroelectronics.X-CUBE-BLEMGR.3.1.0
2025-08-10 19:51:42,269 [WARN] PackLoader:240 - Cannot read IP mode file for STMicroelectronics.X-CUBE-AI.10.0.0
2025-08-10 19:51:42,279 [ERROR] Engine:466 - C:\Users\kisho\.stm32cubemx\thirdparties\pdsc\STMicroelectronics.FP-SNS-STBOX1.2.1.0.pdsc: PDSC version is not supported
2025-08-10 19:51:42,289 [WARN] PackLoader:240 - Cannot read IP mode file for STMicroelectronics.FP-SNS-SMARTAG2.1.2.0
2025-08-10 19:51:42,295 [ERROR] Engine:466 - C:\Users\kisho\.stm32cubemx\thirdparties\pdsc\STMicroelectronics.FP-SNS-FLIGHT1.5.1.0.pdsc: PDSC version is not supported
2025-08-10 19:51:42,324 [INFO] WebApp:186 - Connection restablished
2025-08-10 19:51:42,455 [WARN] PackLoader:240 - Cannot read IP mode file for STMicroelectronics.X-CUBE-MEMS1.11.1.0
2025-08-10 19:51:42,734 [INFO] LogOutputStream:77 - [STDOUT_REDIRECT] 1 : Invalid condition id : UX_CORESTACK_Condition cause : null
2025-08-10 19:51:42,735 [INFO] LogOutputStream:77 - [STDOUT_REDIRECT] 1 : Invalid condition id : UX_CORESTACK_Condition cause : null
2025-08-10 19:51:42,738 [INFO] LogOutputStream:77 - [STDOUT_REDIRECT] 1 : Invalid condition id : UX_CORESTACK_Condition cause : null
2025-08-10 19:51:42,740 [INFO] LogOutputStream:77 - [STDOUT_REDIRECT] 1 : Invalid condition id : UX_CORESTACK_Condition cause : null
2025-08-10 19:51:42,742 [INFO] LogOutputStream:77 - [STDOUT_REDIRECT] 1 : Invalid condition id : UX_CORESTACK_Condition cause : null
2025-08-10 19:51:42,747 [WARN] PackLoader:240 - Cannot read IP mode file for STMicroelectronics.X-CUBE-AZRTOS-WL.2.0.0
2025-08-10 19:51:42,755 [WARN] PackLoader:240 - Cannot read IP mode file for STMicroelectronics.FP-SNS-MOTENV1.5.0.0
2025-08-10 19:51:42,767 [WARN] PackLoader:240 - Cannot read IP mode file for wolfSSL.I-CUBE-wolfMQTT.1.19.0
2025-08-10 19:51:42,779 [WARN] PackLoader:240 - Cannot read IP mode file for WES.I-CUBE-Cesium.1.3.0
2025-08-10 19:51:42,787 [WARN] PackLoader:240 - Cannot read IP mode file for STMicroelectronics.X-CUBE-BLE2.3.3.0
2025-08-10 19:51:42,800 [WARN] PackLoader:240 - Cannot read IP mode file for STMicroelectronics.X-CUBE-NFC9.1.0.0
2025-08-10 19:51:42,812 [WARN] PackLoader:240 - Cannot read IP mode file for wolfSSL.I-CUBE-wolfSSL.5.8.0
2025-08-10 19:51:42,821 [WARN] PackLoader:240 - Cannot read IP mode file for STMicroelectronics.X-CUBE-BLE1.7.1.0
2025-08-10 19:51:42,827 [WARN] PackLoader:240 - Cannot read IP mode file for wolfSSL.I-CUBE-wolfMQTT.1.19.2
2025-08-10 19:51:42,840 [WARN] PackLoader:240 - Cannot read IP mode file for STMicroelectronics.X-CUBE-TCPP.4.1.0
2025-08-10 19:51:42,858 [WARN] PackLoader:240 - Cannot read IP mode file for STMicroelectronics.X-CUBE-EEPRMA1.5.2.0
2025-08-10 19:51:42,871 [WARN] PackLoader:240 - Cannot read IP mode file for STMicroelectronics.X-CUBE-AI.10.1.0
2025-08-10 19:51:43,102 [WARN] PackLoader:240 - Cannot read IP mode file for STMicroelectronics.X-CUBE-MEMS1.11.2.0
2025-08-10 19:51:43,378 [WARN] PackLoader:240 - Cannot read IP mode file for STMicroelectronics.X-CUBE-AZRTOS-G0.1.1.0
2025-08-10 19:51:43,392 [WARN] PackLoader:240 - Cannot read IP mode file for STMicroelectronics.X-CUBE-SAFEA1.1.2.2
2025-08-10 19:51:43,402 [WARN] PackLoader:240 - Cannot read IP mode file for STMicroelectronics.X-CUBE-NFC4.3.0.0
2025-08-10 19:51:43,422 [WARN] PackLoader:240 - Cannot read IP mode file for EmbeddedOffice.I-CUBE-FS-RTOS.1.0.1
2025-08-10 19:51:43,423 [ERROR] ConditionMgr:805 - Attr not supported : Dmpu
2025-08-10 19:51:43,423 [ERROR] ConditionMgr:805 - Attr not supported : Dmpu
2025-08-10 19:51:43,423 [ERROR] ConditionMgr:805 - Attr not supported : Dmpu
2025-08-10 19:51:43,424 [ERROR] ConditionMgr:805 - Attr not supported : Dmpu
2025-08-10 19:51:43,424 [ERROR] ConditionMgr:805 - Attr not supported : Dmpu
2025-08-10 19:51:43,424 [ERROR] ConditionMgr:805 - Attr not supported : Dmpu
2025-08-10 19:51:43,424 [ERROR] ConditionMgr:805 - Attr not supported : Dmpu
2025-08-10 19:51:43,424 [ERROR] ConditionMgr:805 - Attr not supported : Dmpu
2025-08-10 19:51:43,424 [ERROR] ConditionMgr:805 - Attr not supported : Dmpu
2025-08-10 19:51:43,425 [ERROR] ConditionMgr:805 - Attr not supported : Dmpu
2025-08-10 19:51:43,425 [ERROR] ConditionMgr:805 - Attr not supported : Dmpu
2025-08-10 19:51:43,425 [ERROR] ConditionMgr:805 - Attr not supported : Dmpu
2025-08-10 19:51:43,425 [ERROR] ConditionMgr:805 - Attr not supported : Dmpu
2025-08-10 19:51:43,425 [ERROR] ConditionMgr:805 - Attr not supported : Dmpu
2025-08-10 19:51:43,425 [ERROR] ConditionMgr:805 - Attr not supported : Dmpu
2025-08-10 19:51:43,426 [ERROR] ConditionMgr:805 - Attr not supported : Dmpu
2025-08-10 19:51:43,426 [ERROR] ConditionMgr:805 - Attr not supported : Dmpu
2025-08-10 19:51:43,426 [ERROR] ConditionMgr:805 - Attr not supported : Dmpu
2025-08-10 19:51:43,426 [ERROR] ConditionMgr:805 - Attr not supported : Dmpu
2025-08-10 19:51:43,426 [ERROR] ConditionMgr:805 - Attr not supported : Dmpu
2025-08-10 19:51:43,426 [ERROR] ConditionMgr:805 - Attr not supported : Dmpu
2025-08-10 19:51:43,426 [ERROR] ConditionMgr:805 - Attr not supported : Dmpu
2025-08-10 19:51:43,427 [ERROR] ConditionMgr:805 - Attr not supported : Dmpu
2025-08-10 19:51:43,427 [ERROR] ConditionMgr:805 - Attr not supported : Dmpu
2025-08-10 19:51:43,427 [ERROR] ConditionMgr:805 - Attr not supported : Dmpu
2025-08-10 19:51:43,427 [ERROR] ConditionMgr:805 - Attr not supported : Dmpu
2025-08-10 19:51:43,427 [ERROR] ConditionMgr:805 - Attr not supported : Dmpu
2025-08-10 19:51:43,427 [ERROR] ConditionMgr:805 - Attr not supported : Dmpu
2025-08-10 19:51:43,427 [ERROR] ConditionMgr:805 - Attr not supported : Dmpu
2025-08-10 19:51:43,428 [ERROR] ConditionMgr:805 - Attr not supported : Dmpu
2025-08-10 19:51:43,428 [ERROR] ConditionMgr:805 - Attr not supported : Dmpu
2025-08-10 19:51:43,428 [ERROR] ConditionMgr:805 - Attr not supported : Dmpu
2025-08-10 19:51:43,428 [ERROR] ConditionMgr:805 - Attr not supported : Dmpu
2025-08-10 19:51:43,428 [ERROR] ConditionMgr:805 - Attr not supported : Dmpu
2025-08-10 19:51:43,428 [ERROR] ConditionMgr:805 - Attr not supported : Dmpu
2025-08-10 19:51:43,428 [ERROR] ConditionMgr:805 - Attr not supported : Dmpu
2025-08-10 19:51:43,428 [ERROR] ConditionMgr:805 - Attr not supported : Dmpu
2025-08-10 19:51:43,429 [ERROR] ConditionMgr:805 - Attr not supported : Dmpu
2025-08-10 19:51:43,429 [ERROR] ConditionMgr:805 - Attr not supported : Dmpu
2025-08-10 19:51:43,429 [ERROR] ConditionMgr:805 - Attr not supported : Dmpu
2025-08-10 19:51:43,429 [ERROR] ConditionMgr:805 - Attr not supported : Dmpu
2025-08-10 19:51:43,429 [ERROR] ConditionMgr:805 - Attr not supported : Dmpu
2025-08-10 19:51:43,429 [ERROR] ConditionMgr:805 - Attr not supported : Dmpu
2025-08-10 19:51:43,429 [ERROR] ConditionMgr:805 - Attr not supported : Dmpu
2025-08-10 19:51:43,430 [ERROR] ConditionMgr:805 - Attr not supported : Dmpu
2025-08-10 19:51:43,430 [ERROR] ConditionMgr:805 - Attr not supported : Dmpu
2025-08-10 19:51:43,430 [ERROR] ConditionMgr:805 - Attr not supported : Dmpu
2025-08-10 19:51:43,430 [ERROR] ConditionMgr:805 - Attr not supported : Dmpu
2025-08-10 19:51:43,432 [ERROR] ConditionMgr:805 - Attr not supported : Dmpu
2025-08-10 19:51:43,432 [ERROR] ConditionMgr:805 - Attr not supported : Dmpu
2025-08-10 19:51:43,432 [ERROR] ConditionMgr:805 - Attr not supported : Dmpu
2025-08-10 19:51:43,432 [ERROR] ConditionMgr:805 - Attr not supported : Dmpu
2025-08-10 19:51:43,432 [ERROR] ConditionMgr:805 - Attr not supported : Dmpu
2025-08-10 19:51:43,433 [ERROR] ConditionMgr:805 - Attr not supported : Dmpu
2025-08-10 19:51:43,433 [ERROR] ConditionMgr:805 - Attr not supported : Dmpu
2025-08-10 19:51:43,433 [ERROR] ConditionMgr:805 - Attr not supported : Dmpu
2025-08-10 19:51:43,433 [ERROR] ConditionMgr:805 - Attr not supported : Dmpu
2025-08-10 19:51:43,433 [ERROR] ConditionMgr:805 - Attr not supported : Dmpu
2025-08-10 19:51:43,433 [ERROR] ConditionMgr:805 - Attr not supported : Dmpu
2025-08-10 19:51:43,434 [ERROR] ConditionMgr:805 - Attr not supported : Dmpu
2025-08-10 19:51:43,434 [ERROR] ConditionMgr:805 - Attr not supported : Dmpu
2025-08-10 19:51:43,434 [ERROR] ConditionMgr:805 - Attr not supported : Dmpu
2025-08-10 19:51:43,434 [ERROR] ConditionMgr:805 - Attr not supported : Dmpu
2025-08-10 19:51:43,434 [ERROR] ConditionMgr:805 - Attr not supported : Dmpu
2025-08-10 19:51:43,441 [WARN] PackLoader:240 - Cannot read IP mode file for STMicroelectronics.X-CUBE-WB05N.2.0.0
2025-08-10 19:51:43,451 [WARN] PackLoader:240 - Cannot read IP mode file for wolfSSL.I-CUBE-wolfTPM.3.8.0
2025-08-10 19:51:43,457 [ERROR] Engine:466 - C:\Users\kisho\.stm32cubemx\thirdparties\pdsc\STMicroelectronics.X-CUBE-TCPP.4.2.0.pdsc: PDSC version is not supported
2025-08-10 19:51:43,467 [WARN] PackLoader:240 - Cannot read IP mode file for RealThread.X-CUBE-RT-Thread_Nano.4.1.1
2025-08-10 19:51:43,473 [WARN] PackLoader:240 - Cannot read IP mode file for wolfSSL.I-CUBE-wolfSSL.5.7.0
2025-08-10 19:51:43,481 [WARN] PackLoader:240 - Cannot read IP mode file for STMicroelectronics.FP-ATR-SIGFOX1.3.2.0
2025-08-10 19:51:43,485 [WARN] ConditionMgr:438 - getConditionDescription Invalid condition id : Cortex-A Device cause : null
2025-08-10 19:51:43,497 [WARN] ConditionMgr:1039 - genDependencies : Invalid condition id : Cortex-A Device cause : null
2025-08-10 19:51:43,497 [WARN] ConditionMgr:1039 - genDependencies : Invalid condition id : Cortex-A Device cause : null
2025-08-10 19:51:43,497 [WARN] ConditionMgr:1039 - genDependencies : Invalid condition id : Cortex-A Device cause : null
2025-08-10 19:51:43,504 [WARN] PackLoader:240 - Cannot read IP mode file for STMicroelectronics.X-CUBE-EEPRMA1.5.1.0
2025-08-10 19:51:43,512 [WARN] PackLoader:240 - Cannot read IP mode file for wolfSSL.I-CUBE-wolfSSL.5.7.6
2025-08-10 19:51:43,526 [WARN] PackLoader:240 - Cannot read IP mode file for ITTIA_DB.I-CUBE-ITTIADB.8.9.0
2025-08-10 19:51:43,532 [ERROR] Engine:466 - C:\Users\kisho\.stm32cubemx\thirdparties\pdsc\STMicroelectronics.X-CUBE-ST67W61.1.0.0.pdsc: PDSC version is not supported
2025-08-10 19:51:43,537 [WARN] PackLoader:240 - Cannot read IP mode file for STMicroelectronics.X-CUBE-AI.10.2.0
2025-08-10 19:51:43,606 [WARN] PackLoader:240 - Cannot read IP mode file for SEGGER.I-CUBE-embOS.1.3.1
2025-08-10 19:51:43,691 [WARN] PackLoader:240 - Cannot read IP mode file for STMicroelectronics.X-CUBE-ALGOBUILD.1.4.0
2025-08-10 19:51:43,764 [WARN] PackLoader:240 - Cannot read IP mode file for STMicroelectronics.X-CUBE-MEMS1.11.3.0
2025-08-10 19:51:43,940 [WARN] PackLoader:240 - Cannot read IP mode file for STMicroelectronics.X-CUBE-AI.9.1.0
2025-08-10 19:51:43,947 [WARN] PackLoader:240 - Cannot read IP mode file for STMicroelectronics.X-CUBE-PM33A1.1.0.0
2025-08-10 19:51:43,955 [WARN] PackLoader:240 - Cannot read IP mode file for STMicroelectronics.X-CUBE-GNSS1.6.0.0
2025-08-10 19:51:43,978 [WARN] PackLoader:240 - Cannot read IP mode file for STMicroelectronics.X-CUBE-AZRTOS-F4.1.1.0
2025-08-10 19:51:43,984 [ERROR] Engine:466 - C:\Users\kisho\.stm32cubemx\thirdparties\pdsc\Avnet-IotConnect.X-CUBE-IoTC-DA16k-PMOD.1.0.0.pdsc: PDSC version is not supported
2025-08-10 19:51:43,990 [WARN] PackLoader:240 - Cannot read IP mode file for STMicroelectronics.X-CUBE-ISPU.2.1.0
2025-08-10 19:51:43,999 [WARN] PackLoader:240 - Cannot read IP mode file for STMicroelectronics.X-CUBE-FREERTOS.1.2.0
2025-08-10 19:51:44,007 [WARN] PackLoader:240 - Cannot read IP mode file for STMicroelectronics.X-CUBE-NFC12.1.0.0
2025-08-10 19:51:44,034 [WARN] PackLoader:240 - Cannot read IP mode file for STMicroelectronics.X-CUBE-AZRTOS-L5.2.0.0
2025-08-10 19:51:44,047 [WARN] PackLoader:240 - Cannot read IP mode file for STMicroelectronics.X-CUBE-NFC6.3.1.0
2025-08-10 19:51:44,057 [WARN] PackLoader:240 - Cannot read IP mode file for STMicroelectronics.X-CUBE-DPower.1.2.0
2025-08-10 19:51:44,063 [WARN] PackLoader:240 - Cannot read IP mode file for STMicroelectronics.X-CUBE-AI.9.0.0
2025-08-10 19:51:44,069 [WARN] PackLoader:240 - Cannot read IP mode file for STMicroelectronics.X-CUBE-FREERTOS.1.3.1
2025-08-10 19:51:44,106 [WARN] PackLoader:240 - Cannot read IP mode file for STMicroelectronics.X-CUBE-FREERTOS.1.3.0
2025-08-10 19:51:44,116 [WARN] PackLoader:240 - Cannot read IP mode file for STMicroelectronics.X-CUBE-NFC7.1.0.1
2025-08-10 19:51:44,121 [WARN] PackLoader:240 - Cannot read IP mode file for wolfSSL.I-CUBE-wolfTPM.3.2.0
2025-08-10 19:51:44,125 [ERROR] Engine:466 - C:\Users\kisho\.stm32cubemx\thirdparties\pdsc\STMicroelectronics.FP-SNS-STAIOTCFT.1.0.0.pdsc: PDSC version is not supported
2025-08-10 19:51:44,131 [WARN] PackLoader:240 - Cannot read IP mode file for STMicroelectronics.X-CUBE-DPower.1.3.0
2025-08-10 19:51:44,156 [WARN] ConditionMgr:438 - getConditionDescription Invalid condition id : LAN8742 Phy interface Condition cause : null
2025-08-10 19:51:44,158 [WARN] PackLoader:240 - Cannot read IP mode file for STMicroelectronics.X-CUBE-AZRTOS-L4.2.0.0
2025-08-10 19:51:44,160 [WARN] ConditionMgr:1039 - genDependencies : Invalid condition id : LAN8742 Phy interface Condition cause : null
2025-08-10 19:51:44,160 [WARN] ConditionMgr:1039 - genDependencies : Invalid condition id : LAN8742 Phy interface Condition cause : null
2025-08-10 19:51:44,161 [WARN] ConditionMgr:1039 - genDependencies : Invalid condition id : LAN8742 Phy interface Condition cause : null
2025-08-10 19:51:44,172 [WARN] PackLoader:240 - Cannot read IP mode file for STMicroelectronics.X-CUBE-SFXS2LP1.4.0.0
2025-08-10 19:51:44,209 [WARN] PackLoader:240 - Cannot read IP mode file for STMicroelectronics.X-CUBE-AZRTOS-H7.3.3.0
2025-08-10 19:51:44,219 [ERROR] Engine:466 - C:\Users\kisho\.stm32cubemx\thirdparties\pdsc\STMicroelectronics.X-CUBE-BLEMGR.4.1.0.pdsc: PDSC version is not supported
2025-08-10 19:51:44,270 [WARN] ConditionMgr:438 - getConditionDescription Invalid condition id : UX DEVICE CLASS RTOS Condition cause : null
2025-08-10 19:51:44,270 [WARN] ConditionMgr:438 - getConditionDescription Invalid condition id : UX DEVICE CLASS RTOS Condition cause : null
2025-08-10 19:51:44,272 [WARN] PackLoader:240 - Cannot read IP mode file for STMicroelectronics.X-CUBE-AZRTOS-WB.2.0.0
2025-08-10 19:51:44,274 [WARN] ConditionMgr:1039 - genDependencies : Invalid condition id : UX DEVICE CLASS RTOS Condition cause : null
2025-08-10 19:51:44,274 [WARN] ConditionMgr:1039 - genDependencies : Invalid condition id : UX DEVICE CLASS RTOS Condition cause : null
2025-08-10 19:51:44,275 [WARN] ConditionMgr:1039 - genDependencies : Invalid condition id : UX DEVICE CLASS RTOS Condition cause : null
2025-08-10 19:51:44,275 [WARN] ConditionMgr:1039 - genDependencies : Invalid condition id : UX DEVICE CLASS RTOS Condition cause : null
2025-08-10 19:51:44,275 [WARN] ConditionMgr:1039 - genDependencies : Invalid condition id : UX DEVICE CLASS RTOS Condition cause : null
2025-08-10 19:51:44,284 [WARN] PackLoader:240 - Cannot read IP mode file for STMicroelectronics.X-CUBE-GNSS1.7.0.1
2025-08-10 19:51:44,295 [WARN] PackLoader:240 - Cannot read IP mode file for STMicroelectronics.X-CUBE-TOUCHGFX.4.25.0
2025-08-10 19:51:44,303 [WARN] PackLoader:240 - Cannot read IP mode file for STMicroelectronics.FP-SNS-STBOX1.2.0.0
2025-08-10 19:51:44,323 [WARN] PackLoader:240 - Cannot read IP mode file for STMicroelectronics.X-CUBE-SUBG2.5.0.0
2025-08-10 19:51:44,362 [WARN] PackLoader:240 - Cannot read IP mode file for STMicroelectronics.X-CUBE-AZRTOS-H7RS.1.1.0
2025-08-10 19:51:44,374 [WARN] PackLoader:240 - Cannot read IP mode file for Cesanta.I-CUBE-Mongoose.7.13.0
2025-08-10 19:51:44,403 [WARN] PackLoader:240 - Cannot read IP mode file for STMicroelectronics.X-CUBE-AZRTOS-G4.2.0.0
2025-08-10 19:51:44,414 [WARN] PackLoader:240 - Cannot read IP mode file for wolfSSL.I-CUBE-wolfSSH.1.4.20
2025-08-10 19:51:44,419 [WARN] PackLoader:240 - Cannot read IP mode file for STMicroelectronics.X-CUBE-NFC7.2.0.0
2025-08-10 19:51:44,424 [WARN] PackLoader:240 - Cannot read IP mode file for STMicroelectronics.X-CUBE-ISPU.2.0.0
2025-08-10 19:51:44,432 [ERROR] Engine:466 - C:\Users\kisho\.stm32cubemx\thirdparties\pdsc\STMicroelectronics.X-CUBE-IPS.3.1.0.pdsc: PDSC version is not supported
2025-08-10 19:51:44,438 [WARN] PackLoader:240 - Cannot read IP mode file for STMicroelectronics.X-CUBE-ALS.1.0.2
2025-08-10 19:51:44,488 [WARN] PackLoader:240 - Cannot read IP mode file for STMicroelectronics.X-CUBE-MEMS1.10.0.0
2025-08-10 19:51:44,603 [WARN] PackLoader:240 - Cannot read IP mode file for STMicroelectronics.X-CUBE-TOUCHGFX.4.24.0
2025-08-10 19:51:44,637 [WARN] PackLoader:240 - Cannot read IP mode file for STMicroelectronics.X-CUBE-TOUCHGFX.4.24.2
2025-08-10 19:51:44,645 [WARN] PackLoader:240 - Cannot read IP mode file for portGmbH.I-Cube-SoM-uGOAL.1.1.0
2025-08-10 19:51:44,668 [WARN] PackLoader:240 - Cannot read IP mode file for STMicroelectronics.X-CUBE-AZRTOS-H7RS.1.0.0
2025-08-10 19:51:44,677 [WARN] PackLoader:240 - Cannot read IP mode file for STMicroelectronics.FP-ATR-ASTRA1.2.0.0
2025-08-10 19:51:44,691 [WARN] PackLoader:240 - Cannot read IP mode file for STMicroelectronics.X-CUBE-TOF1.3.4.2
2025-08-10 19:51:44,710 [ERROR] Engine:466 - C:\Users\kisho\.stm32cubemx\thirdparties\pdsc\STMicroelectronics.X-CUBE-TOF1.3.4.3.pdsc: PDSC version is not supported
2025-08-10 19:51:44,722 [WARN] PackLoader:240 - Cannot read IP mode file for STMicroelectronics.X-CUBE-TOF1.3.4.1
2025-08-10 19:51:44,760 [WARN] PackLoader:240 - Cannot read IP mode file for STMicroelectronics.X-CUBE-AZRTOS-H7.3.2.0
2025-08-10 19:51:44,780 [WARN] PackLoader:240 - Cannot read IP mode file for Infineon.AIROC-Wi-Fi-Bluetooth-STM32.1.6.0
2025-08-10 19:51:44,788 [WARN] PackLoader:240 - Cannot read IP mode file for wolfSSL.I-CUBE-wolfSSH.1.4.17
2025-08-10 19:51:44,789 [INFO] ThirdParty:978 - Integrity check success = true
2025-08-10 19:51:44,789 [INFO] IntegrityCheckThread:100 - exiting critical section [integrity check]
2025-08-10 19:51:44,789 [INFO] IntegrityCheckThread:103 - End integrity checks thread
2025-08-10 20:04:27,111 [ERROR] ConfigurationRetriever:142 - IOException on connection: Read timed out
2025-08-10 22:47:09,906 [ERROR] LogOutputStream:75 - [STDERR_REDIRECT] 
